This is pdfTeX, Version 3.1415926-2.4-1.40.13 (MiKTeX 2.9) (preloaded format=latex 2015.7.19)  9 OCT 2015 16:19
entering extended mode
**C:/Users/Nitin/Desktop/latex0/Template_EXTC/Template_seminar/final_report_pre
lude.tex

(C:/Users/Nitin/Desktop/latex0/Template_EXTC/Template_seminar/final_report_prel
ude.tex
LaTeX2e <2011/06/27>
Babel <v3.8m> and hyphenation patterns for english, afrikaans, ancientgreek, ar
abic, armenian, assamese, basque, bengali, bokmal, bulgarian, catalan, coptic, 
croatian, czech, danish, dutch, esperanto, estonian, farsi, finnish, french, ga
lician, german, german-x-2012-05-30, greek, gujarati, hindi, hungarian, iceland
ic, indonesian, interlingua, irish, italian, kannada, kurmanji, latin, latvian,
 lithuanian, malayalam, marathi, mongolian, mongolianlmc, monogreek, ngerman, n
german-x-2012-05-30, nynorsk, oriya, panjabi, pinyin, polish, portuguese, roman
ian, russian, sanskrit, serbian, slovak, slovenian, spanish, swedish, swissgerm
an, tamil, telugu, turkish, turkmen, ukenglish, ukrainian, uppersorbian, usengl
ishmax, welsh, loaded.
! Undefined control sequence.
l.18 \department
                {Department of Electronics and Telecommunication Engineering}
? 
! Emergency stop.
l.18 \department
                {Department of Electronics and Telecommunication Engineering}
End of file on the terminal!

 
Here is how much of TeX's memory you used:
 7 strings out of 493922
 335 string characters out of 3141290
 49031 words of memory out of 3000000
 3400 multiletter control sequences out of 15000+200000
 3640 words of font info for 14 fonts, out of 3000000 for 9000
 841 hyphenation exceptions out of 8191
 7i,0n,2p,166b,12s stack positions out of 5000i,500n,10000p,200000b,50000s
No pages of output.
