This is pdfTeX, Version 3.1415926-2.4-1.40.13 (MiKTeX 2.9 64-bit) (preloaded format=latex 2014.12.5)  23 OCT 2015 20:20
entering extended mode
**C:/Users/anish/Desktop/latex_files/template2/disseratation.tex
(C:/Users/anish/Desktop/latex_files/template2/disseratation.tex
LaTeX2e <2011/06/27>
Babel <v3.8m> and hyphenation patterns for english, afrikaans, ancientgreek, ar
abic, armenian, assamese, basque, bengali, bokmal, bulgarian, catalan, coptic, 
croatian, czech, danish, dutch, esperanto, estonian, farsi, finnish, french, ga
lician, german, german-x-2012-05-30, greek, gujarati, hindi, hungarian, iceland
ic, indonesian, interlingua, irish, italian, kannada, kurmanji, latin, latvian,
 lithuanian, malayalam, marathi, mongolian, mongolianlmc, monogreek, ngerman, n
german-x-2012-05-30, nynorsk, oriya, panjabi, pinyin, polish, portuguese, roman
ian, russian, sanskrit, serbian, slovak, slovenian, spanish, swedish, swissgerm
an, tamil, telugu, turkish, turkmen, ukenglish, ukrainian, uppersorbian, usengl
ishmax, welsh, loaded.
(C:\Users\anish\Desktop\latex_files\template2\raitdisser.cls

LaTeX Warning: You have requested document class `raitdisser',
               but the document class provides `iitbaps'.

Document Class: iitbaps 2007/06/25 IIT Bombay Annual Preogress Report Format
Document Class `iitbaps' v0.5beta <13 August 07>
(C:\miketext\tex\latex\base\report.cls
Document Class: report 2007/10/19 v1.4h Standard LaTeX document class
(C:\miketext\tex\latex\base\size12.clo
File: size12.clo 2007/10/19 v1.4h Standard LaTeX file (size option)
)
\c@part=\count79
\c@chapter=\count80
\c@section=\count81
\c@subsection=\count82
\c@subsubsection=\count83
\c@paragraph=\count84
\c@subparagraph=\count85
\c@figure=\count86
\c@table=\count87
\abovecaptionskip=\skip41
\belowcaptionskip=\skip42
\bibindent=\dimen102
)
Two side is false
) (C:\miketext\tex\latex\graphics\graphicx.sty
Package: graphicx 1999/02/16 v1.0f Enhanced LaTeX Graphics (DPC,SPQR)

(C:\miketext\tex\latex\graphics\keyval.sty
Package: keyval 1999/03/16 v1.13 key=value parser (DPC)
\KV@toks@=\toks14
)
(C:\miketext\tex\latex\graphics\graphics.sty
Package: graphics 2009/02/05 v1.0o Standard LaTeX Graphics (DPC,SPQR)

(C:\miketext\tex\latex\graphics\trig.sty
Package: trig 1999/03/16 v1.09 sin cos tan (DPC)
)
(C:\miketext\tex\latex\00miktex\graphics.cfg
File: graphics.cfg 2007/01/18 v1.5 graphics configuration of teTeX/TeXLive
)
Package graphics Info: Driver file: dvips.def on input line 91.

(C:\miketext\tex\latex\graphics\dvips.def
File: dvips.def 1999/02/16 v3.0i Driver-dependant file (DPC,SPQR)
))
\Gin@req@height=\dimen103
\Gin@req@width=\dimen104
)
(C:\Users\anish\Desktop\latex_files\template2\disseratation.aux
(C:\Users\anish\Desktop\latex_files\template2\disser_prelude.aux)
(C:\Users\anish\Desktop\latex_files\template2\chap1_1.aux)
(C:\Users\anish\Desktop\latex_files\template2\chap2_1.aux)
(C:\Users\anish\Desktop\latex_files\template2\chap3_1.aux

LaTeX Warning: Label `2.1' multiply defined.

) (C:\Users\anish\Desktop\latex_files\template2\chap4_1.aux)
(C:\Users\anish\Desktop\latex_files\template2\chap5_1.aux))
LaTeX Font Info:    Checking defaults for OML/cmm/m/it on input line 15.
LaTeX Font Info:    ... okay on input line 15.
LaTeX Font Info:    Checking defaults for T1/cmr/m/n on input line 15.
LaTeX Font Info:    ... okay on input line 15.
LaTeX Font Info:    Checking defaults for OT1/cmr/m/n on input line 15.
LaTeX Font Info:    ... okay on input line 15.
LaTeX Font Info:    Checking defaults for OMS/cmsy/m/n on input line 15.
LaTeX Font Info:    ... okay on input line 15.
LaTeX Font Info:    Checking defaults for OMX/cmex/m/n on input line 15.
LaTeX Font Info:    ... okay on input line 15.
LaTeX Font Info:    Checking defaults for U/cmr/m/n on input line 15.
LaTeX Font Info:    ... okay on input line 15.

(C:\Users\anish\Desktop\latex_files\template2\disser_prelude.tex
File: raitlogo.eps Graphic file (type eps)

<raitlogo.eps> [1



] [1



]
(C:\Users\anish\Desktop\latex_files\template2\disseratation.lof
LaTeX Font Info:    External font `cmex10' loaded for size
(Font)              <12> on input line 3.
LaTeX Font Info:    External font `cmex10' loaded for size
(Font)              <8> on input line 3.
LaTeX Font Info:    External font `cmex10' loaded for size
(Font)              <6> on input line 3.
)
\tf@lof=\write3
\c@theorem=\count88
 [2

])
(C:\Users\anish\Desktop\latex_files\template2\chap1_1.tex
Chapter 1.
LaTeX Font Info:    Try loading font information for OMS+cmr on input line 9.
(C:\miketext\tex\latex\base\omscmr.fd
File: omscmr.fd 1999/05/25 v2.5h Standard LaTeX font definitions
)
LaTeX Font Info:    Font shape `OMS/cmr/m/n' in size <12> not available
(Font)              Font shape `OMS/cmsy/m/n' tried instead on input line 9.
) [1




]
(C:\Users\anish\Desktop\latex_files\template2\chap2_1.tex
Chapter 2.
File: law1.eps Graphic file (type eps)
<law1.eps>
File: law2.eps Graphic file (type eps)
 <law2.eps>
Overfull \hbox (9.90416pt too wide) in paragraph at lines 45--46
[][]\OT1/cmr/m/n/12 These two laws can be achieved by con-sid-er-ing fol-low-in
g points for good presentation.[[]] 
 []

[2



]) [3] (C:\Users\anish\Desktop\latex_files\template2\chap3_1.tex
Chapter 3.
File: figure1.eps Graphic file (type eps)
<figure1.eps>
File: figure2.eps Graphic file (type eps)
 <figure2.eps>
File: figure3.eps Graphic file (type eps)
 <figure3.eps>
File: figure4.eps Graphic file (type eps)
 <figure4.eps>
File: figure5.eps Graphic file (type eps)
 <figure5.eps> [4



]
[5] [6]
File: figure6.eps Graphic file (type eps)
 <figure6.eps>
File: figure7.eps Graphic file (type eps)
 <figure7.eps> [7]
File: figure8.eps Graphic file (type eps)
 <figure8.eps>

LaTeX Warning: Citation `Codeman Lisa' on page 8 undefined on input line 136.

File: figure9.eps Graphic file (type eps)
<figure9.eps> [8]
File: figure10.eps Graphic file (type eps)
 <figure10.eps>
File: figure10.eps Graphic file (type eps)
 <figure10.eps>
File: figure12.eps Graphic file (type eps)
 <figure12.eps>) [9]
(C:\Users\anish\Desktop\latex_files\template2\chap4_1.tex
Chapter 4.

LaTeX Warning: Citation `Codeman Lisa' on page 10 undefined on input line 15.

[10



]

LaTeX Warning: Citation `Anna willms web' on page 11 undefined on input line 41
.

[11]) [12] (C:\Users\anish\Desktop\latex_files\template2\chap5_1.tex
Chapter 5.
) [13



]
Overfull \hbox (13.80873pt too wide) in paragraph at lines 68--70
\OT1/cmtt/m/n/12 http://www.presentation-process.com/powerpoint-tutorial.html/I
nfographics 
 []


Underfull \hbox (badness 10000) in paragraph at lines 88--91
[][]\OT1/cmr/m/n/12 Thomas sey-mat and Thomas Rick-ver \OT1/cmr/m/it/12 http://
www.presentation-
 []

[14


] (C:\Users\anish\Desktop\latex_files\template2\disseratation.aux
(C:\Users\anish\Desktop\latex_files\template2\disser_prelude.aux)
(C:\Users\anish\Desktop\latex_files\template2\chap1_1.aux)
(C:\Users\anish\Desktop\latex_files\template2\chap2_1.aux)
(C:\Users\anish\Desktop\latex_files\template2\chap3_1.aux)
(C:\Users\anish\Desktop\latex_files\template2\chap4_1.aux)
(C:\Users\anish\Desktop\latex_files\template2\chap5_1.aux))

LaTeX Warning: There were undefined references.


LaTeX Warning: There were multiply-defined labels.

 ) 
Here is how much of TeX's memory you used:
 772 strings out of 493922
 10864 string characters out of 3147305
 61621 words of memory out of 3000000
 4053 multiletter control sequences out of 15000+200000
 9016 words of font info for 32 fonts, out of 3000000 for 9000
 841 hyphenation exceptions out of 8191
 28i,5n,21p,605b,246s stack positions out of 5000i,500n,10000p,200000b,50000s

Output written on disseratation.dvi (17 pages, 43612 bytes).
