This is pdfTeX, Version 3.1415926-2.4-1.40.13 (MiKTeX 2.9 64-bit) (preloaded format=latex 2014.12.5)  5 APR 2018 16:27
entering extended mode
**C:/Users/anish/Desktop/inderscience/LATEX/sample*(single*col).tex
("C:/Users/anish/Desktop/inderscience/LATEX/sample (single col).tex"
LaTeX2e <2011/06/27>
Babel <v3.8m> and hyphenation patterns for english, afrikaans, ancientgreek, ar
abic, armenian, assamese, basque, bengali, bokmal, bulgarian, catalan, coptic, 
croatian, czech, danish, dutch, esperanto, estonian, farsi, finnish, french, ga
lician, german, german-x-2012-05-30, greek, gujarati, hindi, hungarian, iceland
ic, indonesian, interlingua, irish, italian, kannada, kurmanji, latin, latvian,
 lithuanian, malayalam, marathi, mongolian, mongolianlmc, monogreek, ngerman, n
german-x-2012-05-30, nynorsk, oriya, panjabi, pinyin, polish, portuguese, roman
ian, russian, sanskrit, serbian, slovak, slovenian, spanish, swedish, swissgerm
an, tamil, telugu, turkish, turkmen, ukenglish, ukrainian, uppersorbian, usengl
ishmax, welsh, loaded.
(C:\Users\anish\Desktop\inderscience\LATEX\singlecol-new.cls

LaTeX Warning: You have requested document class `singlecol-new',
               but the document class provides `singlecol'.

Document Class: singlecol 1998/05/05 v1.3y Standard LaTeX document class
(C:\Users\anish\Desktop\inderscience\LATEX\epsf.sty
\epsffilein=\read1
\epsfxsize=\dimen102
\epsfysize=\dimen103
\epsftsize=\dimen104
\epsfrsize=\dimen105
\epsftmp=\dimen106
\pspoints=\dimen107
)
(C:\miketext\tex\latex\base\ifthen.sty
Package: ifthen 2001/05/26 v1.1c Standard LaTeX ifthen package (DPC)
)
(C:\miketext\tex\latex\tools\dcolumn.sty
Package: dcolumn 2001/05/28 v1.06 decimal alignment package (DPC)
 (C:\miketext\tex\latex\tools\array.sty
Package: array 2008/09/09 v2.4c Tabular extension package (FMi)
\col@sep=\dimen108
\extrarowheight=\dimen109
\NC@list=\toks14
\extratabsurround=\skip41
\backup@length=\skip42
)) (C:\miketext\tex\latex\graphics\graphics.sty
Package: graphics 2009/02/05 v1.0o Standard LaTeX Graphics (DPC,SPQR)

(C:\miketext\tex\latex\graphics\trig.sty
Package: trig 1999/03/16 v1.09 sin cos tan (DPC)
)
(C:\miketext\tex\latex\00miktex\graphics.cfg
File: graphics.cfg 2007/01/18 v1.5 graphics configuration of teTeX/TeXLive
)
Package graphics Info: Driver file: dvips.def on input line 91.

(C:\miketext\tex\latex\graphics\dvips.def
File: dvips.def 1999/02/16 v3.0i Driver-dependant file (DPC,SPQR)
))
(C:\miketext\tex\latex\base\leqno.sty

LaTeX Warning: inputting `leqno.clo' instead of obsolete `leqno.sty'.

(C:\miketext\tex\latex\base\leqno.clo
File: leqno.clo 1998/08/17 v1.1c Standard LaTeX option (left equation numbers)
)) (C:\miketext\tex\latex\tools\calc.sty
Package: calc 2007/08/22 v4.3 Infix arithmetic (KKT,FJ)
\calc@Acount=\count79
\calc@Bcount=\count80
\calc@Adimen=\dimen110
\calc@Bdimen=\dimen111
\calc@Askip=\skip43
\calc@Bskip=\skip44
LaTeX Info: Redefining \setlength on input line 76.
LaTeX Info: Redefining \addtolength on input line 77.
\calc@Ccount=\count81
\calc@Cskip=\skip45
)
(C:\Users\anish\Desktop\inderscience\LATEX\lastpage.sty
Package: lastpage 2011/02/01 v1.2g Refers to last page's name (HMM; JPG)
)
(C:\miketext\tex\latex\graphics\color.sty
Package: color 2005/11/14 v1.0j Standard LaTeX Color (DPC)

(C:\miketext\tex\latex\00miktex\color.cfg
File: color.cfg 2007/01/18 v1.5 color configuration of teTeX/TeXLive
)
Package color Info: Driver file: dvips.def on input line 130.

(C:\miketext\tex\latex\graphics\dvipsnam.def
File: dvipsnam.def 1999/02/16 v3.0i Driver-dependant file (DPC,SPQR)
))
(C:\Users\anish\Desktop\inderscience\LATEX\endnotes.sty
\c@endnote=\count82
\endnotesep=\dimen112
\@enotes=\write3
)
(C:\miketext\tex\latex\amsmath\amsmath.sty
Package: amsmath 2013/01/14 v2.14 AMS math features
\@mathmargin=\skip46

For additional information on amsmath, use the `?' option.
(C:\miketext\tex\latex\amsmath\amstext.sty
Package: amstext 2000/06/29 v2.01

(C:\miketext\tex\latex\amsmath\amsgen.sty
File: amsgen.sty 1999/11/30 v2.0
\@emptytoks=\toks15
\ex@=\dimen113
))
(C:\miketext\tex\latex\amsmath\amsbsy.sty
Package: amsbsy 1999/11/29 v1.2d
\pmbraise@=\dimen114
)
(C:\miketext\tex\latex\amsmath\amsopn.sty
Package: amsopn 1999/12/14 v2.01 operator names
)
\inf@bad=\count83
LaTeX Info: Redefining \frac on input line 210.
\uproot@=\count84
\leftroot@=\count85
LaTeX Info: Redefining \overline on input line 306.
\classnum@=\count86
\DOTSCASE@=\count87
LaTeX Info: Redefining \ldots on input line 378.
LaTeX Info: Redefining \dots on input line 381.
LaTeX Info: Redefining \cdots on input line 466.
\Mathstrutbox@=\box26
\strutbox@=\box27
\big@size=\dimen115
LaTeX Font Info:    Redeclaring font encoding OML on input line 566.
LaTeX Font Info:    Redeclaring font encoding OMS on input line 567.
\macc@depth=\count88
\c@MaxMatrixCols=\count89
\dotsspace@=\muskip10
\c@parentequation=\count90
\dspbrk@lvl=\count91
\tag@help=\toks16
\row@=\count92
\column@=\count93
\maxfields@=\count94
\andhelp@=\toks17
\eqnshift@=\dimen116
\alignsep@=\dimen117
\tagshift@=\dimen118
\tagwidth@=\dimen119
\totwidth@=\dimen120
\lineht@=\dimen121
\@envbody=\toks18
\multlinegap=\skip47
\multlinetaggap=\skip48
\mathdisplay@stack=\toks19
LaTeX Info: Redefining \[ on input line 2665.
LaTeX Info: Redefining \] on input line 2666.
)
(C:\miketext\tex\latex\amsfonts\amsfonts.sty
Package: amsfonts 2013/01/14 v3.01 Basic AMSFonts support
\symAMSa=\mathgroup4
\symAMSb=\mathgroup5
LaTeX Font Info:    Overwriting math alphabet `\mathfrak' in version `bold'
(Font)                  U/euf/m/n --> U/euf/b/n on input line 106.
)
(C:\miketext\tex\latex\amsfonts\amssymb.sty
Package: amssymb 2013/01/14 v3.01 AMS font symbols
)
(C:\miketext\tex\latex\tools\bm.sty
Package: bm 2004/02/26 v1.1c Bold Symbol Support (DPC/FMi)
\symboldoperators=\mathgroup6
\symboldletters=\mathgroup7
\symboldsymbols=\mathgroup8
LaTeX Font Info:    Redeclaring math alphabet \mathbf on input line 138.
LaTeX Info: Redefining \bm on input line 204.
) (C:\miketext\tex\latex\base\latexsym.sty
Package: latexsym 1998/08/17 v2.2e Standard LaTeX package (lasy symbols)
\symlasy=\mathgroup9
LaTeX Font Info:    Overwriting symbol font `lasy' in version `bold'
(Font)                  U/lasy/m/n --> U/lasy/b/n on input line 47.
)
(C:\miketext\tex\latex\base\fontenc.sty
Package: fontenc 2005/09/27 v1.99g Standard LaTeX package


! Package fontenc Error: Encoding file `ly1enc.def' not found.
(fontenc)                You might have misspelt the name of the encoding.

See the fontenc package documentation for explanation.
Type  H <return>  for immediate help.
 ...                                              
                                                  
l.99 \ProcessOptions*
                     
? 

! LaTeX Error: Encoding scheme `LY1' unknown.

See the LaTeX manual or LaTeX Companion for explanation.
Type  H <return>  for immediate help.
 ...                                              
                                                  
l.100 \fontencoding\encodingdefault
                                   \selectfont
? 
) (C:\miketext\tex\latex\base\size10.clo
File: size10.clo 2007/10/19 v1.4h Standard LaTeX file (size option)
)
\markwidth=\dimen122
\blth=\dimen123
\marklength=\dimen124
\markdistance=\dimen125
\trimwidth=\dimen126
\trimheight=\dimen127
\auxaaa=\dimen128
\auxbbb=\dimen129
\auxccc=\dimen130
\auxddd=\dimen131
\t@abstract=\box28
\t@receivedname=\box29
\temptbox=\box30
\tempdime=\dimen132
\t@bio=\box31

(C:\miketext\tex\latex\tools\theorem.sty
Package: theorem 1995/11/23 v2.2c Theorem extension package (FMi)
\theorem@style=\toks20
\theorem@bodyfont=\toks21
\theorempreskipamount=\skip49
\theorempostskipamount=\skip50
 (C:\miketext\tex\latex\tools\thp.sty
File: thp.sty 1995/11/23 v2.2c Theorem extension package (FMi)
))
\c@part=\count95
\c@section=\count96
\c@subsection=\count97
\c@subsubsection=\count98
\c@paragraph=\count99
\c@subparagraph=\count100
\mathindent=\dimen133
\mathindent=\dimen134
\c@figure=\count101
\c@table=\count102
\abovecaptionskip=\skip51
\belowcaptionskip=\skip52
\@tempboxb=\box32
\boxH=\box33
\boxHrunin=\box34
\temptbox=\box35
\temptboxA=\box36
\tempdime=\dimen135
\tempdimeA=\dimen136
\rboxh=\dimen137
\rboxw=\dimen138
) (C:\Users\anish\Desktop\inderscience\LATEX\natbib.sty
Package: natbib 1998/07/14 6.8c (PWD)
\bibhang=\skip53
\bibsep=\skip54
LaTeX Info: Redefining \cite on input line 467.
\c@NAT@ctr=\count103
)
(C:\Users\anish\Desktop\inderscience\LATEX\stfloats.sty
Package: stfloats 1999/10/22
\@dblbotnum=\count104
\c@dblbotnumber=\count105
)
(C:\miketext\tex\latex\jknappen\mathrsfs.sty
Package: mathrsfs 1996/01/01 Math RSFS package v1.0 (jk)
\symrsfs=\mathgroup10
)
\c@lemma=\count106
\c@algorithm=\count107
\c@definition=\count108
\c@question=\count109
\c@remark=\count110
\c@scheme=\count111
\c@case=\count112

("C:\Users\anish\Desktop\inderscience\LATEX\sample (single col).aux")
LaTeX Font Info:    Checking defaults for OML/cmm/m/it on input line 54.
LaTeX Font Info:    ... okay on input line 54.
LaTeX Font Info:    Checking defaults for T1/cmr/m/n on input line 54.
LaTeX Font Info:    ... okay on input line 54.
LaTeX Font Info:    Checking defaults for OT1/cmr/m/n on input line 54.
LaTeX Font Info:    ... okay on input line 54.
LaTeX Font Info:    Checking defaults for OMS/cmsy/m/n on input line 54.
LaTeX Font Info:    ... okay on input line 54.
LaTeX Font Info:    Checking defaults for OMX/cmex/m/n on input line 54.
LaTeX Font Info:    ... okay on input line 54.
LaTeX Font Info:    Checking defaults for U/cmr/m/n on input line 54.
LaTeX Font Info:    ... okay on input line 54.


! LaTeX Error: Encoding scheme `LY1' unknown.

See the LaTeX manual or LaTeX Companion for explanation.
Type  H <return>  for immediate help.
 ...                                              
                                                  
l.54 \begin{document}
                     %
? 
LaTeX Font Info:    Try loading font information for OT1+ptm on input line 54.
(C:\miketext\tex\latex\psnfss\ot1ptm.fd
File: ot1ptm.fd 2001/06/04 font definitions for OT1/ptm.
)
Package lastpage Info: Please have a look at the pagesLTS package at
(lastpage)             http://www.ctan.org/tex-archive/ 
(lastpage)             macros/latex/contrib/pagesLTS/ 
(lastpage)             or
(lastpage)             http://www.ctan.org/tex-archive/ 
(lastpage)             install/macros/latex/contrib/pagesLTS.tds.zip
(lastpage)             ! on input line 54.


! LaTeX Error: Encoding scheme `LY1' unknown.

See the LaTeX manual or LaTeX Companion for explanation.
Type  H <return>  for immediate help.
 ...                                              
                                                  
l.70 \BottomCatch
                 
? 
LaTeX Font Info:    Try loading font information for U+msa on input line 70.
(C:\miketext\tex\latex\amsfonts\umsa.fd
File: umsa.fd 2013/01/14 v3.01 AMS symbols A
)
LaTeX Font Info:    Try loading font information for U+msb on input line 70.

(C:\miketext\tex\latex\amsfonts\umsb.fd
File: umsb.fd 2013/01/14 v3.01 AMS symbols B
)
LaTeX Font Info:    Try loading font information for U+lasy on input line 70.
 (C:\miketext\tex\latex\base\ulasy.fd
File: ulasy.fd 1998/08/17 v2.2e LaTeX symbol font definitions
)
LaTeX Font Info:    Try loading font information for U+rsfs on input line 70.

(C:\miketext\tex\latex\jknappen\ursfs.fd
File: ursfs.fd 1998/03/24 rsfs font definition file (jk)
)
LaTeX Font Info:    Try loading font information for OMS+ptm on input line 70.

(C:\miketext\tex\latex\psnfss\omsptm.fd
File: omsptm.fd 
)
LaTeX Font Info:    Font shape `OMS/ptm/m/n' in size <9> not available
(Font)              Font shape `OMS/cmsy/m/n' tried instead on input line 70.


! LaTeX Error: Encoding scheme `LY1' unknown.

See the LaTeX manual or LaTeX Companion for explanation.
Type  H <return>  for immediate help.
 ...                                              
                                                  
l.72 \CLline
            
? 

! LaTeX Error: Encoding scheme `LY1' unknown.

See the LaTeX manual or LaTeX Companion for explanation.
Type  H <return>  for immediate help.
 ...                                              
                                                  
l.72 \CLline
            
? 

LaTeX Warning: Reference `LastPage' on page 1 undefined on input line 72.


Underfull \hbox (badness 10000) in paragraph at lines 72--72

 []


! LaTeX Error: Encoding scheme `LY1' unknown.

See the LaTeX manual or LaTeX Companion for explanation.
Type  H <return>  for immediate help.
 ...                                              
                                                  
l.109 B
       iomedical research becomes reliant on multi-disciplinary,
? 

! LaTeX Error: Encoding scheme `LY1' unknown.

See the LaTeX manual or LaTeX Companion for explanation.
Type  H <return>  for immediate help.
 ...                                              
                                                  
l.122 M
       anuel Pedro Rodr\'iguez Bol\'ivar received his PhD in Accounting at
? 

! LaTeX Error: Encoding scheme `LY1' unknown.

See the LaTeX manual or LaTeX Companion for explanation.
Type  H <return>  for immediate help.
 ...                                              
                                                  
l.147 \maketitle
                
? 

Overfull \hbox (24.0pt too wide) in paragraph at lines 147--147
[][]|  
 []


! LaTeX Error: Encoding scheme `LY1' unknown.

See the LaTeX manual or LaTeX Companion for explanation.
Type  H <return>  for immediate help.
 ...                                              
                                                  
l.147 \maketitle
                
? 

! LaTeX Error: Encoding scheme `LY1' unknown.

See the LaTeX manual or LaTeX Companion for explanation.
Type  H <return>  for immediate help.
 ...                                              
                                                  
l.147 \maketitle
                
? 

! LaTeX Error: Encoding scheme `LY1' unknown.

See the LaTeX manual or LaTeX Companion for explanation.
Type  H <return>  for immediate help.
 ...                                              
                                                  
l.147 \maketitle
                
? 

! LaTeX Error: Encoding scheme `LY1' unknown.

See the LaTeX manual or LaTeX Companion for explanation.
Type  H <return>  for immediate help.
 ...                                              
                                                  
l.147 \maketitle
                
? 

Underfull \hbox (badness 3058) in paragraph at lines 147--147
 |\OT1/ptm/b/n/9 Keywords: \OT1/ptm/m/n/9 Metadata; Scientific Data Management;
 Data Sharing; Data 
 []


! LaTeX Error: Encoding scheme `LY1' unknown.

See the LaTeX manual or LaTeX Companion for explanation.
Type  H <return>  for immediate help.
 ...                                              
                                                  
l.147 \maketitle
                
? 

! LaTeX Error: Encoding scheme `LY1' unknown.

See the LaTeX manual or LaTeX Companion for explanation.
Type  H <return>  for immediate help.
 ...                                              
                                                  
l.147 \maketitle
                
? 

! LaTeX Error: Encoding scheme `LY1' unknown.

See the LaTeX manual or LaTeX Companion for explanation.
Type  H <return>  for immediate help.
 ...                                              
                                                  
l.147 \maketitle
                
? 
[1

]
Overfull \hbox (24.0pt too wide) in paragraph at lines 147--147
|[]  
 []


! LaTeX Error: Encoding scheme `LY1' unknown.

See the LaTeX manual or LaTeX Companion for explanation.
Type  H <return>  for immediate help.
 ...                                              
                                                  
l.150  \section{Introduction}
                             
? 

! LaTeX Error: Encoding scheme `LY1' unknown.

See the LaTeX manual or LaTeX Companion for explanation.
Type  H <return>  for immediate help.
 ...                                              
                                                  
l.167 shared \cite{nih03datasharing,nih08policy}
                                                .  The Network for
? 

Package natbib Warning: Citation `nih03datasharing' on page 2 undefined on inpu
t line 167.


! LaTeX Error: Encoding scheme `LY1' unknown.

See the LaTeX manual or LaTeX Companion for explanation.
Type  H <return>  for immediate help.
 ...                                              
                                                  
l.167 shared \cite{nih03datasharing,nih08policy}
                                                .  The Network for
? 

Package natbib Warning: Citation `nih08policy' on page 2 undefined on input lin
e 167.


! LaTeX Error: Encoding scheme `LY1' unknown.

See the LaTeX manual or LaTeX Companion for explanation.
Type  H <return>  for immediate help.
 ...                                              
                                                  
l.169 Platforms\cite{ntr}
                          is one of such collaborative projects on the
? 

Package natbib Warning: Citation `ntr' on page 2 undefined on input line 169.


! LaTeX Error: Encoding scheme `LY1' unknown.

See the LaTeX manual or LaTeX Companion for explanation.
Type  H <return>  for immediate help.
 ...                                              
                                                  
l.185 \cite{piwowar08culture,birnholtz03data}
                                             . One major difficulty is the
? 

Package natbib Warning: Citation `piwowar08culture' on page 2 undefined on inpu
t line 185.


! LaTeX Error: Encoding scheme `LY1' unknown.

See the LaTeX manual or LaTeX Companion for explanation.
Type  H <return>  for immediate help.
 ...                                              
                                                  
l.185 \cite{piwowar08culture,birnholtz03data}
                                             . One major difficulty is the
? 

Package natbib Warning: Citation `birnholtz03data' on page 2 undefined on input
 line 185.


! LaTeX Error: Encoding scheme `LY1' unknown.

See the LaTeX manual or LaTeX Companion for explanation.
Type  H <return>  for immediate help.
 ...                                              
                                                  
l.188 \cite{bekelman03}
                       . With increased awareness of this issue, the
? 

Package natbib Warning: Citation `bekelman03' on page 2 undefined on input line
 188.


! LaTeX Error: Encoding scheme `LY1' unknown.

See the LaTeX manual or LaTeX Companion for explanation.
Type  H <return>  for immediate help.
 ...                                              
                                                  
l.191 \cite{piwowar08culture,dsic,cabigconnected}
                                                 . While the social issue
? 

Package natbib Warning: Citation `piwowar08culture' on page 2 undefined on inpu
t line 191.


! LaTeX Error: Encoding scheme `LY1' unknown.

See the LaTeX manual or LaTeX Companion for explanation.
Type  H <return>  for immediate help.
 ...                                              
                                                  
l.191 \cite{piwowar08culture,dsic,cabigconnected}
                                                 . While the social issue
? 

Package natbib Warning: Citation `dsic' on page 2 undefined on input line 191.


! LaTeX Error: Encoding scheme `LY1' unknown.

See the LaTeX manual or LaTeX Companion for explanation.
Type  H <return>  for immediate help.
 ...                                              
                                                  
l.191 \cite{piwowar08culture,dsic,cabigconnected}
                                                 . While the social issue
? 

Package natbib Warning: Citation `cabigconnected' on page 2 undefined on input 
line 191.


! LaTeX Error: Encoding scheme `LY1' unknown.

See the LaTeX manual or LaTeX Companion for explanation.
Type  H <return>  for immediate help.
 ...                                              
                                                  
l.197 \subsection
                 {Complexity of Biomedical Data}
? 

! LaTeX Error: Encoding scheme `LY1' unknown.

See the LaTeX manual or LaTeX Companion for explanation.
Type  H <return>  for immediate help.
 ...                                              
                                                  
l.197 \subsection
                 {Complexity of Biomedical Data}
? 

Underfull \hbox (badness 10000) has occurred while \output is active
\OT1/ptm/m/n/10 2| \OT1/ptm/m/it/10 F. Wang et al.
 []


Overfull \hbox (2.5pt too wide) has occurred while \output is active
|[][]
 []

[2]

! LaTeX Error: Encoding scheme `LY1' unknown.

See the LaTeX manual or LaTeX Companion for explanation.
Type  H <return>  for immediate help.
 ...                                              
                                                  
l.197 \subsection{Complexity of Biomedical Data}
                                                
? 

! LaTeX Error: Encoding scheme `LY1' unknown.

See the LaTeX manual or LaTeX Companion for explanation.
Type  H <return>  for immediate help.
 ...                                              
                                                  
l.197 \subsection{Complexity of Biomedical Data}
                                                
? 

! LaTeX Error: Encoding scheme `LY1' unknown.

See the LaTeX manual or LaTeX Companion for explanation.
Type  H <return>  for immediate help.
 ...                                              
                                                  
l.200 ...medical images such as DICOM \cite{dicom}
                                                  , non
? 

Package natbib Warning: Citation `dicom' on page 3 undefined on input line 200.



! LaTeX Error: Encoding scheme `LY1' unknown.

See the LaTeX manual or LaTeX Companion for explanation.
Type  H <return>  for immediate help.
 ...                                              
                                                  
l.219 \subsection{Management of Data Sharing}
                                             
? 

! LaTeX Error: Encoding scheme `LY1' unknown.

See the LaTeX manual or LaTeX Companion for explanation.
Type  H <return>  for immediate help.
 ...                                              
                                                  
l.219 \subsection{Management of Data Sharing}
                                             
? 

! LaTeX Error: Encoding scheme `LY1' unknown.

See the LaTeX manual or LaTeX Companion for explanation.
Type  H <return>  for immediate help.
 ...                                              
                                                  
l.234 \subsection{Data Sharing Architecture}
                                            
? 

! LaTeX Error: Encoding scheme `LY1' unknown.

See the LaTeX manual or LaTeX Companion for explanation.
Type  H <return>  for immediate help.
 ...                                              
                                                  
l.234 \subsection{Data Sharing Architecture}
                                            
? 

! LaTeX Error: Encoding scheme `LY1' unknown.

See the LaTeX manual or LaTeX Companion for explanation.
Type  H <return>  for immediate help.
 ...                                              
                                                  
l.239 Portal \cite{tcga}
                         manages genome related data; National Biomedical
? 

Package natbib Warning: Citation `tcga' on page 3 undefined on input line 239.


! LaTeX Error: Encoding scheme `LY1' unknown.

See the LaTeX manual or LaTeX Companion for explanation.
Type  H <return>  for immediate help.
 ...                                              
                                                  
l.240 Imaging Archive \cite{nbia}
                                  manages DICOM based medical research
? 

Package natbib Warning: Citation `nbia' on page 3 undefined on input line 240.


! LaTeX Error: Encoding scheme `LY1' unknown.

See the LaTeX manual or LaTeX Companion for explanation.
Type  H <return>  for immediate help.
 ...                                              
                                                  
l.243 ...IG{\small \textregistered})  \cite{cabig}
                                                   is a Grid based data
? 

Package natbib Warning: Citation `cabig' on page 3 undefined on input line 243.



! LaTeX Error: Encoding scheme `LY1' unknown.

See the LaTeX manual or LaTeX Companion for explanation.
Type  H <return>  for immediate help.
 ...                                              
                                                  
l.271 
      
? 

! LaTeX Error: Encoding scheme `LY1' unknown.

See the LaTeX manual or LaTeX Companion for explanation.
Type  H <return>  for immediate help.
 ...                                              
                                                  
l.271 
      
? 

Overfull \hbox (2.5pt too wide) has occurred while \output is active
|[][]
 []

[3]

! LaTeX Error: Encoding scheme `LY1' unknown.

See the LaTeX manual or LaTeX Companion for explanation.
Type  H <return>  for immediate help.
 ...                                              
                                                  
l.272 \subsection{Inconsistency of Shared Data}
                                               
? 

! LaTeX Error: Encoding scheme `LY1' unknown.

See the LaTeX manual or LaTeX Companion for explanation.
Type  H <return>  for immediate help.
 ...                                              
                                                  
l.272 \subsection{Inconsistency of Shared Data}
                                               
? 

! LaTeX Error: Encoding scheme `LY1' unknown.

See the LaTeX manual or LaTeX Companion for explanation.
Type  H <return>  for immediate help.
 ...                                              
                                                  
l.294 \subsection{Our Contributions}
                                    
? 

! LaTeX Error: Encoding scheme `LY1' unknown.

See the LaTeX manual or LaTeX Companion for explanation.
Type  H <return>  for immediate help.
 ...                                              
                                                  
l.294 \subsection{Our Contributions}
                                    
? 
LaTeX Font Info:    Font shape `OMS/ptm/m/n' in size <10> not available
(Font)              Font shape `OMS/cmsy/m/n' tried instead on input line 306.

! LaTeX Error: Encoding scheme `LY1' unknown.

See the LaTeX manual or LaTeX Companion for explanation.
Type  H <return>  for immediate help.
 ...                                              
                                                  
l.307 \ref{sec:datamanagementoverview}
                                      );
? 

LaTeX Warning: Reference `sec:datamanagementoverview' on page 4 undefined on in
put line 307.


! LaTeX Error: Encoding scheme `LY1' unknown.

See the LaTeX manual or LaTeX Companion for explanation.
Type  H <return>  for immediate help.
 ...                                              
                                                  
l.310 ... investigators (Section \ref{sec:sharing}
                                                  );
? 

LaTeX Warning: Reference `sec:sharing' on page 4 undefined on input line 310.


! LaTeX Error: Encoding scheme `LY1' unknown.

See the LaTeX manual or LaTeX Companion for explanation.
Type  H <return>  for immediate help.
 ...                                              
                                                  
l.312 ...partners (Section \ref{sec:sharingschema}
                                                  );
? 

LaTeX Warning: Reference `sec:sharingschema' on page 4 undefined on input line 
312.


! LaTeX Error: Encoding scheme `LY1' unknown.

See the LaTeX manual or LaTeX Companion for explanation.
Type  H <return>  for immediate help.
 ...                                              
                                                  
l.314 ...y  (Section \ref{sec:collaborativeschema}
                                                  );
? 

LaTeX Warning: Reference `sec:collaborativeschema' on page 4 undefined on input
 line 314.


! LaTeX Error: Encoding scheme `LY1' unknown.

See the LaTeX manual or LaTeX Companion for explanation.
Type  H <return>  for immediate help.
 ...                                              
                                                  
l.316 ...stent data sharing (Section \ref{sec:tag}
                                                  ).
? 

LaTeX Warning: Reference `sec:tag' on page 4 undefined on input line 316.


! LaTeX Error: Encoding scheme `LY1' unknown.

See the LaTeX manual or LaTeX Companion for explanation.
Type  H <return>  for immediate help.
 ...                                              
                                                  
l.321 \cite{wang08com}
                      , which discussed preliminary work and the technique
? 

Package natbib Warning: Citation `wang08com' on page 4 undefined on input line 
321.


! LaTeX Error: Encoding scheme `LY1' unknown.

See the LaTeX manual or LaTeX Companion for explanation.
Type  H <return>  for immediate help.
 ...                                              
                                                  
l.331 \section
              {Generic Biomedical Experiment Metadata Modeling and Managemen...

? 

! LaTeX Error: Encoding scheme `LY1' unknown.

See the LaTeX manual or LaTeX Companion for explanation.
Type  H <return>  for immediate help.
 ...                                              
                                                  
l.331 \section
              {Generic Biomedical Experiment Metadata Modeling and Managemen...

? 

Underfull \hbox (badness 10000) has occurred while \output is active
\OT1/ptm/m/n/10 4| \OT1/ptm/m/it/10 F. Wang et al.
 []


Overfull \hbox (2.5pt too wide) has occurred while \output is active
|[][]
 []

[4]

! LaTeX Error: Encoding scheme `LY1' unknown.

See the LaTeX manual or LaTeX Companion for explanation.
Type  H <return>  for immediate help.
 ...                                              
                                                  
l.331 ...eriment Metadata Modeling and Management}
                                                   \label{sec:datamanagement...

? 

! LaTeX Error: Encoding scheme `LY1' unknown.

See the LaTeX manual or LaTeX Companion for explanation.
Type  H <return>  for immediate help.
 ...                                              
                                                  
l.334 As discussed in \cite{birnholtz03data}
                                            , metadata models serve as the
? 

Package natbib Warning: Citation `birnholtz03data' on page 5 undefined on input
 line 334.


! LaTeX Error: Encoding scheme `LY1' unknown.

See the LaTeX manual or LaTeX Companion for explanation.
Type  H <return>  for immediate help.
 ...                                              
                                                  
l.337 information of data \cite{chin04context}
                                               is often ignored. However,
? 

Package natbib Warning: Citation `chin04context' on page 5 undefined on input l
ine 337.


! LaTeX Error: Encoding scheme `LY1' unknown.

See the LaTeX manual or LaTeX Companion for explanation.
Type  H <return>  for immediate help.
 ...                                              
                                                  
l.353 ...c Meta Data Modeling for Biomedical Data}
                                                  
? 

! LaTeX Error: Encoding scheme `LY1' unknown.

See the LaTeX manual or LaTeX Companion for explanation.
Type  H <return>  for immediate help.
 ...                                              
                                                  
l.353 ...c Meta Data Modeling for Biomedical Data}
                                                  
? H
Your command was ignored.
Type  I <command> <return>  to replace it with another command,
or  <return>  to continue without it.
? 
! Emergency stop.
 ...                                              
                                                  
l.353 ...c Meta Data Modeling for Biomedical Data}
                                                  
End of file on the terminal!

 
Here is how much of TeX's memory you used:
 2781 strings out of 493922
 31579 string characters out of 3147305
 87314 words of memory out of 3000000
 6006 multiletter control sequences out of 15000+200000
 20653 words of font info for 71 fonts, out of 3000000 for 9000
 841 hyphenation exceptions out of 8191
 34i,14n,27p,1384b,253s stack positions out of 5000i,500n,10000p,200000b,50000s
Output written on "sample (single col).dvi" (4 pages, 20592 bytes).
