This is pdfTeX, Version 3.1415926-2.4-1.40.13 (MiKTeX 2.9 64-bit) (preloaded format=pdflatex 2014.12.5)  4 OCT 2015 17:05
entering extended mode
**C:/Users/anish/Desktop/Research*proposal_modified/chitra/ME_Electronics_Templ
ate/disseratation.tex

("C:/Users/anish/Desktop/Research proposal_modified/chitra/ME_Electronics_Templ
ate/disseratation.tex"
LaTeX2e <2011/06/27>
Babel <v3.8m> and hyphenation patterns for english, afrikaans, ancientgreek, ar
abic, armenian, assamese, basque, bengali, bokmal, bulgarian, catalan, coptic, 
croatian, czech, danish, dutch, esperanto, estonian, farsi, finnish, french, ga
lician, german, german-x-2012-05-30, greek, gujarati, hindi, hungarian, iceland
ic, indonesian, interlingua, irish, italian, kannada, kurmanji, latin, latvian,
 lithuanian, malayalam, marathi, mongolian, mongolianlmc, monogreek, ngerman, n
german-x-2012-05-30, nynorsk, oriya, panjabi, pinyin, polish, portuguese, roman
ian, russian, sanskrit, serbian, slovak, slovenian, spanish, swedish, swissgerm
an, tamil, telugu, turkish, turkmen, ukenglish, ukrainian, uppersorbian, usengl
ishmax, welsh, loaded.

("C:\Users\anish\Desktop\Research proposal_modified\chitra\ME_Electronics_Templ
ate\raitdisser.cls"

LaTeX Warning: You have requested document class `raitdisser',
               but the document class provides `iitbaps'.

Document Class: iitbaps 2007/06/25 IIT Bombay Annual Preogress Report Format
Document Class `iitbaps' v0.5beta <13 August 07>
(C:\miketext\tex\latex\base\report.cls
Document Class: report 2007/10/19 v1.4h Standard LaTeX document class
(C:\miketext\tex\latex\base\size12.clo
File: size12.clo 2007/10/19 v1.4h Standard LaTeX file (size option)
)
\c@part=\count79
\c@chapter=\count80
\c@section=\count81
\c@subsection=\count82
\c@subsubsection=\count83
\c@paragraph=\count84
\c@subparagraph=\count85
\c@figure=\count86
\c@table=\count87
\abovecaptionskip=\skip41
\belowcaptionskip=\skip42
\bibindent=\dimen102
)
Two side is false
) (C:\miketext\tex\latex\graphics\graphicx.sty
Package: graphicx 1999/02/16 v1.0f Enhanced LaTeX Graphics (DPC,SPQR)

(C:\miketext\tex\latex\graphics\keyval.sty
Package: keyval 1999/03/16 v1.13 key=value parser (DPC)
\KV@toks@=\toks14
)
(C:\miketext\tex\latex\graphics\graphics.sty
Package: graphics 2009/02/05 v1.0o Standard LaTeX Graphics (DPC,SPQR)

(C:\miketext\tex\latex\graphics\trig.sty
Package: trig 1999/03/16 v1.09 sin cos tan (DPC)
)
(C:\miketext\tex\latex\00miktex\graphics.cfg
File: graphics.cfg 2007/01/18 v1.5 graphics configuration of teTeX/TeXLive
)
Package graphics Info: Driver file: pdftex.def on input line 91.

(C:\miketext\tex\latex\pdftex-def\pdftex.def
File: pdftex.def 2011/05/27 v0.06d Graphics/color for pdfTeX

(C:\miketext\tex\generic\oberdiek\infwarerr.sty
Package: infwarerr 2010/04/08 v1.3 Providing info/warning/error messages (HO)
)
(C:\miketext\tex\generic\oberdiek\ltxcmds.sty
Package: ltxcmds 2011/11/09 v1.22 LaTeX kernel commands for general use (HO)
)
\Gread@gobject=\count88
))
\Gin@req@height=\dimen103
\Gin@req@width=\dimen104
)
("C:\Users\anish\Desktop\Research proposal_modified\chitra\ME_Electronics_Templ
ate\disseratation.aux"
("C:\Users\anish\Desktop\Research proposal_modified\chitra\ME_Electronics_Templ
ate\disser_prelude.aux"))
LaTeX Font Info:    Checking defaults for OML/cmm/m/it on input line 14.
LaTeX Font Info:    ... okay on input line 14.
LaTeX Font Info:    Checking defaults for T1/cmr/m/n on input line 14.
LaTeX Font Info:    ... okay on input line 14.
LaTeX Font Info:    Checking defaults for OT1/cmr/m/n on input line 14.
LaTeX Font Info:    ... okay on input line 14.
LaTeX Font Info:    Checking defaults for OMS/cmsy/m/n on input line 14.
LaTeX Font Info:    ... okay on input line 14.
LaTeX Font Info:    Checking defaults for OMX/cmex/m/n on input line 14.
LaTeX Font Info:    ... okay on input line 14.
LaTeX Font Info:    Checking defaults for U/cmr/m/n on input line 14.
LaTeX Font Info:    ... okay on input line 14.
 (C:\miketext\tex\context\base\supp-pdf.mkii
[Loading MPS to PDF converter (version 2006.09.02).]
\scratchcounter=\count89
\scratchdimen=\dimen105
\scratchbox=\box26
\nofMPsegments=\count90
\nofMParguments=\count91
\everyMPshowfont=\toks15
\MPscratchCnt=\count92
\MPscratchDim=\dimen106
\MPnumerator=\count93
\makeMPintoPDFobject=\count94
\everyMPtoPDFconversion=\toks16
)
("C:\Users\anish\Desktop\Research proposal_modified\chitra\ME_Electronics_Templ
ate\disser_prelude.tex"

! LaTeX Error: Unknown graphics extension: .eps.

See the LaTeX manual or LaTeX Companion for explanation.
Type  H <return>  for immediate help.
 ...                                              
                                                  
l.26 \maketitle
               
? 

! LaTeX Error: There's no line here to end.

See the LaTeX manual or LaTeX Companion for explanation.
Type  H <return>  for immediate help.
 ...                                              
                                                  
l.26 \maketitle
               
? 
[1



{C:/Users/anish/AppData/Local/MiKTeX/2.9/pdftex/config/pdftex.map}]

! LaTeX Error: Unknown graphics extension: .eps.

See the LaTeX manual or LaTeX Companion for explanation.
Type  H <return>  for immediate help.
 ...                                              
                                                  
l.31 \includegraphics{raitlogo.eps}
                                   \\
? 

! LaTeX Error: There's no line here to end.

See the LaTeX manual or LaTeX Companion for explanation.
Type  H <return>  for immediate help.
 ...                                              
                                                  
l.31 \includegraphics{raitlogo.eps}\\
                                     
? 
LaTeX Font Info:    External font `cmex10' loaded for size
(Font)              <14.4> on input line 59.
LaTeX Font Info:    External font `cmex10' loaded for size
(Font)              <7> on input line 59.
[1

] [2


]
("C:\Users\anish\Desktop\Research proposal_modified\chitra\ME_Electronics_Templ
ate\disseratation.toc"
LaTeX Font Info:    External font `cmex10' loaded for size
(Font)              <12> on input line 5.
LaTeX Font Info:    External font `cmex10' loaded for size
(Font)              <8> on input line 5.
LaTeX Font Info:    External font `cmex10' loaded for size
(Font)              <6> on input line 5.
)
\tf@toc=\write3
 [3

]
("C:\Users\anish\Desktop\Research proposal_modified\chitra\ME_Electronics_Templ
ate\disseratation.lot")
\tf@lot=\write4
 [4

]
("C:\Users\anish\Desktop\Research proposal_modified\chitra\ME_Electronics_Templ
ate\disseratation.lof")
\tf@lof=\write5
\c@theorem=\count95
 [5

])
("C:\Users\anish\Desktop\Research proposal_modified\chitra\ME_Electronics_Templ
ate\chap1.tex"
Underfull \hbox (badness 10000) in paragraph at lines 2--3

 []

[1



]
Underfull \hbox (badness 10000) in paragraph at lines 12--35

 []

[2] [3]
Underfull \hbox (badness 10000) in paragraph at lines 36--43

 []

[4]
Overfull \hbox (34.14383pt too wide) in paragraph at lines 64--66
\OT1/cmr/m/n/17.28 depth map es-ti-ma-tion us-ing Be-lief Prop-a-ga-tion al-go-
rithm for CAFADIS.
 []

[5]

LaTeX Warning: Citation `a1' on page 6 undefined on input line 93.


Underfull \hbox (badness 10000) in paragraph at lines 84--95

 []


Underfull \hbox (badness 10000) in paragraph at lines 84--95

 []


Underfull \hbox (badness 10000) in paragraph at lines 84--95

 []


Underfull \hbox (badness 10000) in paragraph at lines 84--95

 []


Underfull \hbox (badness 10000) in paragraph at lines 84--95

 []


Underfull \hbox (badness 10000) in paragraph at lines 84--95

 []


Underfull \hbox (badness 10000) in paragraph at lines 84--95

 []


Underfull \hbox (badness 10000) in paragraph at lines 84--95

 []

[6]
Overfull \hbox (3.06065pt too wide) in paragraph at lines 104--106
[]\OT1/cmr/m/n/17.28 Oung-kyu Choi, Williem, and In Kyu Park \OT1/cmr/m/it/17.2
8 "Memory-Efficient
 []

[7]
Overfull \hbox (5.67293pt too wide) in paragraph at lines 111--114
[]\OT1/cmr/m/n/17.28 Yu-Chang And-nel-son Chang \OT1/cmr/m/it/17.28 "Low Mem-or
y Cost Block-Based
 []


Overfull \hbox (10.95392pt too wide) in paragraph at lines 111--114
\OT1/cmr/m/it/17.28 Be-lief Prop-a-ga-tion For Stereo Cor-re-spon-dence"\OT1/cm
r/m/n/17.28 , 1-4244-1017-
 []


Overfull \hbox (3.79128pt too wide) in paragraph at lines 131--134
[]\OT1/cmr/m/n/17.28 R. Szeliski, R. Zabih, D. Scharstein, O. Vek-sler, V. Kol-
mogorov,
 []

[8]) [9]
("C:\Users\anish\Desktop\Research proposal_modified\chitra\ME_Electronics_Templ
ate\disseratation.aux"
("C:\Users\anish\Desktop\Research proposal_modified\chitra\ME_Electronics_Templ
ate\disser_prelude.aux")
("C:\Users\anish\Desktop\Research proposal_modified\chitra\ME_Electronics_Templ
ate\chap1.aux"))

LaTeX Warning: There were undefined references.

 )
(\end occurred inside a group at level 21)

### simple group (level 21) entered at line 94 ({)
### simple group (level 20) entered at line 94 ({)
### simple group (level 19) entered at line 91 ({)
### simple group (level 18) entered at line 91 ({)
### simple group (level 17) entered at line 89 ({)
### simple group (level 16) entered at line 89 ({)
### simple group (level 15) entered at line 84 ({)
### simple group (level 14) entered at line 84 ({)
### simple group (level 13) entered at line 78 ({)
### simple group (level 12) entered at line 78 ({)
### simple group (level 11) entered at line 37 ({)
### simple group (level 10) entered at line 37 ({)
### simple group (level 9) entered at line 28 ({)
### simple group (level 8) entered at line 28 ({)
### simple group (level 7) entered at line 25 ({)
### simple group (level 6) entered at line 25 ({)
### simple group (level 5) entered at line 22 ({)
### simple group (level 4) entered at line 22 ({)
### simple group (level 3) entered at line 6 ({)
### simple group (level 2) entered at line 6 ({)
### simple group (level 1) entered at line 2 ({)
### bottom level 
Here is how much of TeX's memory you used:
 1269 strings out of 493921
 17818 string characters out of 3147282
 70611 words of memory out of 3000000
 4576 multiletter control sequences out of 15000+200000
 10238 words of font info for 36 fonts, out of 3000000 for 9000
 841 hyphenation exceptions out of 8191
 28i,7n,21p,805b,877s stack positions out of 5000i,500n,10000p,200000b,50000s
<C:/miketext/fonts/type1/public/amsfonts/cm/cmbx12.pfb><C:/mike
text/fonts/type1/public/amsfonts/cm/cmr10.pfb><C:/miketext/fonts/type1/public/a
msfonts/cm/cmr12.pfb><C:/miketext/fonts/type1/public/amsfonts/cm/cmr17.pfb><C:/
miketext/fonts/type1/public/amsfonts/cm/cmti12.pfb><C:/miketext/fonts/type1/pub
lic/amsfonts/cm/cmtt12.pfb>
Output written on disseratation.pdf (15 pages, 126114 bytes).
PDF statistics:
 75 PDF objects out of 1000 (max. 8388607)
 0 named destinations out of 1000 (max. 500000)
 1 words of extra memory for PDF output out of 10000 (max. 10000000)

