This is pdfTeX, Version 3.1415926-1.40.8-alpha-20080323 (MiKTeX 2.7) (preloaded format=latex 2009.11.26)  1 OCT 2010 20:11
entering extended mode
**E:/ME_Electronics_Template/special_topic_seminar.tex
(E:/ME_Electronics_Template/special_topic_seminar.tex
LaTeX2e <2005/12/01>
Babel <v3.8j> and hyphenation patterns for english, dumylang, nohyphenation, ge
rman, ngerman, french, loaded.
(raitspecial.cls

LaTeX Warning: You have requested document class `raitspecial',
               but the document class provides `iitbaps'.

Document Class: iitbaps 2007/06/25 IIT Bombay Annual Preogress Report Format
Document Class `iitbaps' v0.5beta <13 August 07>
("C:\Program Files\MiKTeX 2.7\tex\latex\base\report.cls"
Document Class: report 2005/09/16 v1.4f Standard LaTeX document class
("C:\Program Files\MiKTeX 2.7\tex\latex\base\size12.clo"
File: size12.clo 2005/09/16 v1.4f Standard LaTeX file (size option)
)
\c@part=\count79
\c@chapter=\count80
\c@section=\count81
\c@subsection=\count82
\c@subsubsection=\count83
\c@paragraph=\count84
\c@subparagraph=\count85
\c@figure=\count86
\c@table=\count87
\abovecaptionskip=\skip41
\belowcaptionskip=\skip42
\bibindent=\dimen102
)
Two side is false
) ("C:\Program Files\MiKTeX 2.7\tex\latex\graphics\graphicx.sty"
Package: graphicx 1999/02/16 v1.0f Enhanced LaTeX Graphics (DPC,SPQR)

("C:\Program Files\MiKTeX 2.7\tex\latex\graphics\keyval.sty"
Package: keyval 1999/03/16 v1.13 key=value parser (DPC)
\KV@toks@=\toks14
)
("C:\Program Files\MiKTeX 2.7\tex\latex\graphics\graphics.sty"
Package: graphics 2006/02/20 v1.0o Standard LaTeX Graphics (DPC,SPQR)

("C:\Program Files\MiKTeX 2.7\tex\latex\graphics\trig.sty"
Package: trig 1999/03/16 v1.09 sin cos tan (DPC)
)
("C:\Program Files\MiKTeX 2.7\tex\latex\00miktex\graphics.cfg"
File: graphics.cfg 2007/01/18 v1.5 graphics configuration of teTeX/TeXLive
)
Package graphics Info: Driver file: dvips.def on input line 90.

("C:\Program Files\MiKTeX 2.7\tex\latex\graphics\dvips.def"
File: dvips.def 1999/02/16 v3.0i Driver-dependant file (DPC,SPQR)
))
\Gin@req@height=\dimen103
\Gin@req@width=\dimen104
)
(special_topic_seminar.aux (special_prelude.aux) (chap1.aux) (chap2.aux))
LaTeX Font Info:    Checking defaults for OML/cmm/m/it on input line 14.
LaTeX Font Info:    ... okay on input line 14.
LaTeX Font Info:    Checking defaults for T1/cmr/m/n on input line 14.
LaTeX Font Info:    ... okay on input line 14.
LaTeX Font Info:    Checking defaults for OT1/cmr/m/n on input line 14.
LaTeX Font Info:    ... okay on input line 14.
LaTeX Font Info:    Checking defaults for OMS/cmsy/m/n on input line 14.
LaTeX Font Info:    ... okay on input line 14.
LaTeX Font Info:    Checking defaults for OMX/cmex/m/n on input line 14.
LaTeX Font Info:    ... okay on input line 14.
LaTeX Font Info:    Checking defaults for U/cmr/m/n on input line 14.
LaTeX Font Info:    ... okay on input line 14.

(special_prelude.tex
File: raitlogo.eps Graphic file (type eps)
 <raitlogo.eps> [1



]
File: raitlogo.eps Graphic file (type eps)
 <raitlogo.eps>
LaTeX Font Info:    External font `cmex10' loaded for size
(Font)              <14.4> on input line 59.
LaTeX Font Info:    External font `cmex10' loaded for size
(Font)              <7> on input line 59.
 [1

] [2


]
(special_topic_seminar.toc
LaTeX Font Info:    External font `cmex10' loaded for size
(Font)              <12> on input line 5.
LaTeX Font Info:    External font `cmex10' loaded for size
(Font)              <8> on input line 5.
LaTeX Font Info:    External font `cmex10' loaded for size
(Font)              <6> on input line 5.
)
\tf@toc=\write3
 [3

] (special_topic_seminar.lot)
\tf@lot=\write4
 [4

]
(special_topic_seminar.lof)
\tf@lof=\write5
\c@theorem=\count88
 [5

]) (chap1.tex
Chapter 1.
File: temp.eps Graphic file (type eps)
<temp.eps>
Overfull \hbox (2.21806pt too wide) in paragraph at lines 18--41
\OT1/cmr/m/n/12 Mobile tick-et-ing tech-nol-ogy, im-ple-mented by the APT SKI-D
ATA and SMART-MA-CHINES
 []

) [1




] [2] (chap2.tex
Chapter 2.
LaTeX Font Info:    Try loading font information for OMS+cmr on input line 3.
("C:\Program Files\MiKTeX 2.7\tex\latex\base\omscmr.fd"
File: omscmr.fd 1999/05/25 v2.5h Standard LaTeX font definitions
)
LaTeX Font Info:    Font shape `OMS/cmr/bx/n' in size <12> not available
(Font)              Font shape `OMS/cmsy/b/n' tried instead on input line 3.


LaTeX Warning: Citation `pressman' on page 3 undefined on input line 6.

) [3



] (special_topic_seminar.bbl) [4


] [5

] (special_topic_seminar.aux
(special_prelude.aux) (chap1.aux) (chap2.aux))

LaTeX Warning: There were undefined references.

 ) 
Here is how much of TeX's memory you used:
 715 strings out of 95338
 8227 string characters out of 1184088
 55135 words of memory out of 1500000
 3913 multiletter control sequences out of 110000
 10336 words of font info for 36 fonts, out of 1200000 for 2000
 14 hyphenation exceptions out of 8191
 28i,7n,21p,318b,250s stack positions out of 5000i,500n,10000p,200000b,5000s

Output written on special_topic_seminar.dvi (11 pages, 10364 bytes).
