This is pdfTeX, Version 3.1415926-2.4-1.40.13 (MiKTeX 2.9 64-bit) (preloaded format=latex 2014.12.5)  15 OCT 2015 11:37
entering extended mode
**C:/Users/anish/Desktop/latex_files/template1/disseratation.tex
(C:/Users/anish/Desktop/latex_files/template1/disseratation.tex
LaTeX2e <2011/06/27>
Babel <v3.8m> and hyphenation patterns for english, afrikaans, ancientgreek, ar
abic, armenian, assamese, basque, bengali, bokmal, bulgarian, catalan, coptic, 
croatian, czech, danish, dutch, esperanto, estonian, farsi, finnish, french, ga
lician, german, german-x-2012-05-30, greek, gujarati, hindi, hungarian, iceland
ic, indonesian, interlingua, irish, italian, kannada, kurmanji, latin, latvian,
 lithuanian, malayalam, marathi, mongolian, mongolianlmc, monogreek, ngerman, n
german-x-2012-05-30, nynorsk, oriya, panjabi, pinyin, polish, portuguese, roman
ian, russian, sanskrit, serbian, slovak, slovenian, spanish, swedish, swissgerm
an, tamil, telugu, turkish, turkmen, ukenglish, ukrainian, uppersorbian, usengl
ishmax, welsh, loaded.
(C:\Users\anish\Desktop\latex_files\template1\raitdisser.cls

LaTeX Warning: You have requested document class `raitdisser',
               but the document class provides `iitbaps'.

Document Class: iitbaps 2007/06/25 IIT Bombay Annual Preogress Report Format
Document Class `iitbaps' v0.5beta <13 August 07>
(C:\miketext\tex\latex\base\report.cls
Document Class: report 2007/10/19 v1.4h Standard LaTeX document class
(C:\miketext\tex\latex\base\size12.clo
File: size12.clo 2007/10/19 v1.4h Standard LaTeX file (size option)
)
\c@part=\count79
\c@chapter=\count80
\c@section=\count81
\c@subsection=\count82
\c@subsubsection=\count83
\c@paragraph=\count84
\c@subparagraph=\count85
\c@figure=\count86
\c@table=\count87
\abovecaptionskip=\skip41
\belowcaptionskip=\skip42
\bibindent=\dimen102
)
Two side is false
) (C:\miketext\tex\latex\graphics\graphicx.sty
Package: graphicx 1999/02/16 v1.0f Enhanced LaTeX Graphics (DPC,SPQR)

(C:\miketext\tex\latex\graphics\keyval.sty
Package: keyval 1999/03/16 v1.13 key=value parser (DPC)
\KV@toks@=\toks14
)
(C:\miketext\tex\latex\graphics\graphics.sty
Package: graphics 2009/02/05 v1.0o Standard LaTeX Graphics (DPC,SPQR)

(C:\miketext\tex\latex\graphics\trig.sty
Package: trig 1999/03/16 v1.09 sin cos tan (DPC)
)
(C:\miketext\tex\latex\00miktex\graphics.cfg
File: graphics.cfg 2007/01/18 v1.5 graphics configuration of teTeX/TeXLive
)
Package graphics Info: Driver file: dvips.def on input line 91.

(C:\miketext\tex\latex\graphics\dvips.def
File: dvips.def 1999/02/16 v3.0i Driver-dependant file (DPC,SPQR)
))
\Gin@req@height=\dimen103
\Gin@req@width=\dimen104
)
(C:\Users\anish\Desktop\latex_files\template1\disseratation.aux
(C:\Users\anish\Desktop\latex_files\template1\chap1.aux))
LaTeX Font Info:    Checking defaults for OML/cmm/m/it on input line 14.
LaTeX Font Info:    ... okay on input line 14.
LaTeX Font Info:    Checking defaults for T1/cmr/m/n on input line 14.
LaTeX Font Info:    ... okay on input line 14.
LaTeX Font Info:    Checking defaults for OT1/cmr/m/n on input line 14.
LaTeX Font Info:    ... okay on input line 14.
LaTeX Font Info:    Checking defaults for OMS/cmsy/m/n on input line 14.
LaTeX Font Info:    ... okay on input line 14.
LaTeX Font Info:    Checking defaults for OMX/cmex/m/n on input line 14.
LaTeX Font Info:    ... okay on input line 14.
LaTeX Font Info:    Checking defaults for U/cmr/m/n on input line 14.
LaTeX Font Info:    ... okay on input line 14.

(C:\Users\anish\Desktop\latex_files\template1\chap1.tex
Chapter 1.

LaTeX Warning: Citation `Ed' on page 1 undefined on input line 2.


LaTeX Warning: Citation `Mathias' on page 1 undefined on input line 3.


LaTeX Warning: Citation `Mu' on page 1 undefined on input line 7.


LaTeX Warning: Citation `Pearl' on page 1 undefined on input line 12.


LaTeX Warning: Citation `Chia' on page 1 undefined on input line 14.


LaTeX Warning: Citation `aps' on page 1 undefined on input line 17.

[1



]

LaTeX Warning: Citation `Chia' on page 2 undefined on input line 21.


LaTeX Warning: Citation `Felzen' on page 2 undefined on input line 23.


LaTeX Warning: Citation `Li Zhoue' on page 2 undefined on input line 24.


LaTeX Warning: Citation `Young' on page 2 undefined on input line 26.


LaTeX Warning: Citation `Chi-Hua Lai' on page 2 undefined on input line 28.


LaTeX Warning: Citation `Ed' on page 2 undefined on input line 29.


LaTeX Warning: Citation `Y.C.' on page 2 undefined on input line 30.


LaTeX Warning: Citation `Radu' on page 2 undefined on input line 31.


LaTeX Warning: Citation `Nam Ma' on page 2 undefined on input line 32.

[2] [3]
Underfull \hbox (badness 10000) in paragraph at lines 121--123

 []

[4]) [5] (C:\Users\anish\Desktop\latex_files\template1\disseratation.aux
(C:\Users\anish\Desktop\latex_files\template1\chap1.aux))

LaTeX Warning: There were undefined references.

 ) 
Here is how much of TeX's memory you used:
 610 strings out of 493922
 7556 string characters out of 3147305
 61943 words of memory out of 3000000
 3956 multiletter control sequences out of 15000+200000
 5150 words of font info for 19 fonts, out of 3000000 for 9000
 841 hyphenation exceptions out of 8191
 28i,4n,23p,768b,174s stack positions out of 5000i,500n,10000p,200000b,50000s

Output written on disseratation.dvi (5 pages, 20704 bytes).
