This is pdfTeX, Version 3.1415926-2.4-1.40.13 (MiKTeX 2.9 64-bit) (preloaded format=latex 2014.12.5)  5 DEC 2014 14:23
entering extended mode
**C:/Users/anish/Desktop/template1/disseratation_1.tex
(C:/Users/anish/Desktop/template1/disseratation_1.tex
LaTeX2e <2011/06/27>
Babel <v3.8m> and hyphenation patterns for english, afrikaans, ancientgreek, ar
abic, armenian, assamese, basque, bengali, bokmal, bulgarian, catalan, coptic, 
croatian, czech, danish, dutch, esperanto, estonian, farsi, finnish, french, ga
lician, german, german-x-2012-05-30, greek, gujarati, hindi, hungarian, iceland
ic, indonesian, interlingua, irish, italian, kannada, kurmanji, latin, latvian,
 lithuanian, malayalam, marathi, mongolian, mongolianlmc, monogreek, ngerman, n
german-x-2012-05-30, nynorsk, oriya, panjabi, pinyin, polish, portuguese, roman
ian, russian, sanskrit, serbian, slovak, slovenian, spanish, swedish, swissgerm
an, tamil, telugu, turkish, turkmen, ukenglish, ukrainian, uppersorbian, usengl
ishmax, welsh, loaded.
(C:\Users\anish\Desktop\template1\raitdisser.cls

LaTeX Warning: You have requested document class `raitdisser',
               but the document class provides `iitbaps'.

Document Class: iitbaps 2007/06/25 IIT Bombay Annual Preogress Report Format
Document Class `iitbaps' v0.5beta <13 August 07>
("C:\Program Files\MiKTeX 2.9\tex\latex\base\report.cls"
Document Class: report 2007/10/19 v1.4h Standard LaTeX document class
("C:\Program Files\MiKTeX 2.9\tex\latex\base\size12.clo"
File: size12.clo 2007/10/19 v1.4h Standard LaTeX file (size option)
)
\c@part=\count79
\c@chapter=\count80
\c@section=\count81
\c@subsection=\count82
\c@subsubsection=\count83
\c@paragraph=\count84
\c@subparagraph=\count85
\c@figure=\count86
\c@table=\count87
\abovecaptionskip=\skip41
\belowcaptionskip=\skip42
\bibindent=\dimen102
)
Two side is false
) ("C:\Program Files\MiKTeX 2.9\tex\latex\graphics\graphicx.sty"
Package: graphicx 1999/02/16 v1.0f Enhanced LaTeX Graphics (DPC,SPQR)

("C:\Program Files\MiKTeX 2.9\tex\latex\graphics\keyval.sty"
Package: keyval 1999/03/16 v1.13 key=value parser (DPC)
\KV@toks@=\toks14
)
("C:\Program Files\MiKTeX 2.9\tex\latex\graphics\graphics.sty"
Package: graphics 2009/02/05 v1.0o Standard LaTeX Graphics (DPC,SPQR)

("C:\Program Files\MiKTeX 2.9\tex\latex\graphics\trig.sty"
Package: trig 1999/03/16 v1.09 sin cos tan (DPC)
)
("C:\Program Files\MiKTeX 2.9\tex\latex\00miktex\graphics.cfg"
File: graphics.cfg 2007/01/18 v1.5 graphics configuration of teTeX/TeXLive
)
Package graphics Info: Driver file: dvips.def on input line 91.

("C:\Program Files\MiKTeX 2.9\tex\latex\graphics\dvips.def"
File: dvips.def 1999/02/16 v3.0i Driver-dependant file (DPC,SPQR)
))
\Gin@req@height=\dimen103
\Gin@req@width=\dimen104
)
(C:\Users\anish\Desktop\template1\disseratation_1.aux
(C:\Users\anish\Desktop\template1\disser_prelude.aux)
(C:\Users\anish\Desktop\template1\chap1.aux)
(C:\Users\anish\Desktop\template1\chap2.aux)
(C:\Users\anish\Desktop\template1\chap3.aux))
LaTeX Font Info:    Checking defaults for OML/cmm/m/it on input line 14.
LaTeX Font Info:    ... okay on input line 14.
LaTeX Font Info:    Checking defaults for T1/cmr/m/n on input line 14.
LaTeX Font Info:    ... okay on input line 14.
LaTeX Font Info:    Checking defaults for OT1/cmr/m/n on input line 14.
LaTeX Font Info:    ... okay on input line 14.
LaTeX Font Info:    Checking defaults for OMS/cmsy/m/n on input line 14.
LaTeX Font Info:    ... okay on input line 14.
LaTeX Font Info:    Checking defaults for OMX/cmex/m/n on input line 14.
LaTeX Font Info:    ... okay on input line 14.
LaTeX Font Info:    Checking defaults for U/cmr/m/n on input line 14.
LaTeX Font Info:    ... okay on input line 14.

No file disser_prelude.tex.
(C:\Users\anish\Desktop\template1\chap1.tex
Chapter 1.
) [1





] (C:\Users\anish\Desktop\template1\chap2.tex
Chapter 2.

Overfull \hbox (1.18759pt too wide) in paragraph at lines 19--21
[][]\OT1/cmr/m/n/12 o Re-search in-volves sys-tem-atic, con-trolled, valid and 
rig-or-ous ex-plo-ration and descrip-
 []

File: flowchart.eps Graphic file (type eps)
<flowchart.eps> [2



] [3]
Missing character: There is no ‚ in font cmr12!
Missing character: There is no Ä in font cmr12!
Missing character: There is no ì in font cmr12!
Missing character: There is no ‚ in font cmr12!
Missing character: There is no Ä in font cmr12!
Missing character: There is no ì in font cmr12!
Missing character: There is no ‚ in font cmr12!
Missing character: There is no Ä in font cmr12!
Missing character: There is no î in font cmr12!
Missing character: There is no Ô in font cmr12!
Missing character: There is no É in font cmr12!
Missing character: There is no ò in font cmr12!
Missing character: There is no Ô in font cmr12!
Missing character: There is no É in font cmr12!
Missing character: There is no ò in font cmr12!
 [4]
Missing character: There is no Ô in font cmr12!
Missing character: There is no É in font cmr12!
Missing character: There is no ò in font cmr12!
Missing character: There is no Ô in font cmr12!
Missing character: There is no É in font cmr12!
Missing character: There is no ò in font cmr12!
Missing character: There is no Ô in font cmr12!
Missing character: There is no É in font cmr12!
Missing character: There is no ò in font cmr12!
Missing character: There is no Ô in font cmr12!
Missing character: There is no É in font cmr12!
Missing character: There is no ò in font cmr12!
Missing character: There is no Ô in font cmr12!
Missing character: There is no É in font cmr12!
Missing character: There is no ò in font cmr12!
Missing character: There is no Ô in font cmr12!
Missing character: There is no É in font cmr12!
Missing character: There is no ò in font cmr12!
Missing character: There is no Ô in font cmr12!
Missing character: There is no É in font cmr12!
Missing character: There is no ò in font cmr12!
 [5] [6]
Missing character: There is no ‚ in font cmr12!
Missing character: There is no Ä in font cmr12!
Missing character: There is no ú in font cmr12!
Missing character: There is no ‚ in font cmr12!
Missing character: There is no Ä in font cmr12!
Missing character: There is no ù in font cmr12!
 [7]) [8]
(C:\Users\anish\Desktop\template1\chap3.tex
Chapter 3.
) [9



] [10


] (C:\Users\anish\Desktop\template1\disseratation_1.aux
(C:\Users\anish\Desktop\template1\disser_prelude.aux)
(C:\Users\anish\Desktop\template1\chap1.aux)
(C:\Users\anish\Desktop\template1\chap2.aux)
(C:\Users\anish\Desktop\template1\chap3.aux)) ) 
Here is how much of TeX's memory you used:
 633 strings out of 493922
 8488 string characters out of 3147305
 59943 words of memory out of 3000000
 3958 multiletter control sequences out of 15000+200000
 5359 words of font info for 20 fonts, out of 3000000 for 9000
 841 hyphenation exceptions out of 8191
 28i,5n,21p,935b,244s stack positions out of 5000i,500n,10000p,200000b,50000s

Output written on disseratation_1.dvi (10 pages, 35536 bytes).
