This is pdfTeX, Version 3.1415926-2.4-1.40.13 (MiKTeX 2.9 64-bit) (preloaded format=pdflatex 2014.12.5)  24 MAR 2016 15:54
entering extended mode
**C:/Users/anish/Desktop/latex_files/Template_stage1/RAIT_ME_Report.tex
(C:/Users/anish/Desktop/latex_files/Template_stage1/RAIT_ME_Report.tex
LaTeX2e <2011/06/27>
Babel <v3.8m> and hyphenation patterns for english, afrikaans, ancientgreek, ar
abic, armenian, assamese, basque, bengali, bokmal, bulgarian, catalan, coptic, 
croatian, czech, danish, dutch, esperanto, estonian, farsi, finnish, french, ga
lician, german, german-x-2012-05-30, greek, gujarati, hindi, hungarian, iceland
ic, indonesian, interlingua, irish, italian, kannada, kurmanji, latin, latvian,
 lithuanian, malayalam, marathi, mongolian, mongolianlmc, monogreek, ngerman, n
german-x-2012-05-30, nynorsk, oriya, panjabi, pinyin, polish, portuguese, roman
ian, russian, sanskrit, serbian, slovak, slovenian, spanish, swedish, swissgerm
an, tamil, telugu, turkish, turkmen, ukenglish, ukrainian, uppersorbian, usengl
ishmax, welsh, loaded.
(C:\Users\anish\Desktop\latex_files\Template_stage1\final_raitreport.cls

LaTeX Warning: You have requested document class `final_raitreport',
               but the document class provides `iitbaps'.

Document Class: iitbaps 2007/06/25 IIT Bombay Annual Preogress Report Format
Document Class `iitbaps' v0.5beta <13 August 07>
(C:\miketext\tex\latex\base\report.cls
Document Class: report 2007/10/19 v1.4h Standard LaTeX document class
(C:\miketext\tex\latex\base\size12.clo
File: size12.clo 2007/10/19 v1.4h Standard LaTeX file (size option)
)
\c@part=\count79
\c@chapter=\count80
\c@section=\count81
\c@subsection=\count82
\c@subsubsection=\count83
\c@paragraph=\count84
\c@subparagraph=\count85
\c@figure=\count86
\c@table=\count87
\abovecaptionskip=\skip41
\belowcaptionskip=\skip42
\bibindent=\dimen102
)
Two side is false
) (C:\miketext\tex\latex\graphics\graphicx.sty
Package: graphicx 1999/02/16 v1.0f Enhanced LaTeX Graphics (DPC,SPQR)

(C:\miketext\tex\latex\graphics\keyval.sty
Package: keyval 1999/03/16 v1.13 key=value parser (DPC)
\KV@toks@=\toks14
)
(C:\miketext\tex\latex\graphics\graphics.sty
Package: graphics 2009/02/05 v1.0o Standard LaTeX Graphics (DPC,SPQR)

(C:\miketext\tex\latex\graphics\trig.sty
Package: trig 1999/03/16 v1.09 sin cos tan (DPC)
)
(C:\miketext\tex\latex\00miktex\graphics.cfg
File: graphics.cfg 2007/01/18 v1.5 graphics configuration of teTeX/TeXLive
)
Package graphics Info: Driver file: pdftex.def on input line 91.

(C:\miketext\tex\latex\pdftex-def\pdftex.def
File: pdftex.def 2011/05/27 v0.06d Graphics/color for pdfTeX

(C:\miketext\tex\generic\oberdiek\infwarerr.sty
Package: infwarerr 2010/04/08 v1.3 Providing info/warning/error messages (HO)
)
(C:\miketext\tex\generic\oberdiek\ltxcmds.sty
Package: ltxcmds 2011/11/09 v1.22 LaTeX kernel commands for general use (HO)
)
\Gread@gobject=\count88
))
\Gin@req@height=\dimen103
\Gin@req@width=\dimen104
)
(C:\Users\anish\Desktop\latex_files\Template_stage1\RAIT_ME_Report.aux
(C:\Users\anish\Desktop\latex_files\Template_stage1\final_report_prelude.aux)
(C:\Users\anish\Desktop\latex_files\Template_stage1\chap1.aux)
(C:\Users\anish\Desktop\latex_files\Template_stage1\chap2.aux)
(C:\Users\anish\Desktop\latex_files\Template_stage1\chap3.aux))
LaTeX Font Info:    Checking defaults for OML/cmm/m/it on input line 18.
LaTeX Font Info:    ... okay on input line 18.
LaTeX Font Info:    Checking defaults for T1/cmr/m/n on input line 18.
LaTeX Font Info:    ... okay on input line 18.
LaTeX Font Info:    Checking defaults for OT1/cmr/m/n on input line 18.
LaTeX Font Info:    ... okay on input line 18.
LaTeX Font Info:    Checking defaults for OMS/cmsy/m/n on input line 18.
LaTeX Font Info:    ... okay on input line 18.
LaTeX Font Info:    Checking defaults for OMX/cmex/m/n on input line 18.
LaTeX Font Info:    ... okay on input line 18.
LaTeX Font Info:    Checking defaults for U/cmr/m/n on input line 18.
LaTeX Font Info:    ... okay on input line 18.

(C:\miketext\tex\context\base\supp-pdf.mkii
[Loading MPS to PDF converter (version 2006.09.02).]
\scratchcounter=\count89
\scratchdimen=\dimen105
\scratchbox=\box26
\nofMPsegments=\count90
\nofMParguments=\count91
\everyMPshowfont=\toks15
\MPscratchCnt=\count92
\MPscratchDim=\dimen106
\MPnumerator=\count93
\makeMPintoPDFobject=\count94
\everyMPtoPDFconversion=\toks16
) (C:\Users\anish\Desktop\latex_files\Template_stage1\final_report_prelude.tex

! LaTeX Error: Unknown graphics extension: .eps.

See the LaTeX manual or LaTeX Companion for explanation.
Type  H <return>  for immediate help.
 ...                                              
                                                  
l.26 \maketitle
               
? 

! LaTeX Error: There's no line here to end.

See the LaTeX manual or LaTeX Companion for explanation.
Type  H <return>  for immediate help.
 ...                                              
                                                  
l.26 \maketitle
               
? 
[1



{C:/Users/anish/AppData/Local/MiKTeX/2.9/pdftex/config/pdftex.map}]

! LaTeX Error: Unknown graphics extension: .eps.

See the LaTeX manual or LaTeX Companion for explanation.
Type  H <return>  for immediate help.
 ...                                              
                                                  
l.31 \includegraphics{raitlogo.eps}
                                   \\
? 

! LaTeX Error: There's no line here to end.

See the LaTeX manual or LaTeX Companion for explanation.
Type  H <return>  for immediate help.
 ...                                              
                                                  
l.31 \includegraphics{raitlogo.eps}\\
                                     
? 

! LaTeX Error: Unknown graphics extension: .eps.

See the LaTeX manual or LaTeX Companion for explanation.
Type  H <return>  for immediate help.
 ...                                              
                                                  
l.50 \includegraphics{university.eps}
                                     
? 
LaTeX Font Info:    External font `cmex10' loaded for size
(Font)              <14.4> on input line 65.
LaTeX Font Info:    External font `cmex10' loaded for size
(Font)              <7> on input line 65.

Overfull \hbox (12.73755pt too wide) in paragraph at lines 65--76
 [][] 
 []

[1

] [2


]
Missing character: There is no ‚ in font cmr12!
Missing character: There is no Ä in font cmr12!
Missing character: There is no ô in font cmr12!
 [3

]
(C:\Users\anish\Desktop\latex_files\Template_stage1\RAIT_ME_Report.lot)
\tf@lot=\write3

[4

] (C:\Users\anish\Desktop\latex_files\Template_stage1\RAIT_ME_Report.lof
LaTeX Font Info:    External font `cmex10' loaded for size
(Font)              <12> on input line 4.
LaTeX Font Info:    External font `cmex10' loaded for size
(Font)              <8> on input line 4.
LaTeX Font Info:    External font `cmex10' loaded for size
(Font)              <6> on input line 4.
)
\tf@lof=\write4

[5

] (C:\Users\anish\Desktop\latex_files\Template_stage1\RAIT_ME_Report.toc)
\tf@toc=\write5
\c@theorem=\count95

[6

]) (C:\Users\anish\Desktop\latex_files\Template_stage1\chap1.tex
Chapter 1.
[1




]
Underfull \hbox (badness 10000) in paragraph at lines 47--50

 []

[2]) [3] (C:\Users\anish\Desktop\latex_files\Template_stage1\chap2.tex
Chapter 2.
Missing character: There is no ‚ in font cmr12!
Missing character: There is no Ä in font cmr12!
Missing character: There is no ì in font cmr12!
Missing character: There is no ‚ in font cmr12!
Missing character: There is no Ä in font cmr12!
Missing character: There is no ì in font cmr12!
Missing character: There is no ‚ in font cmr12!
Missing character: There is no Ä in font cmr12!
Missing character: There is no ì in font cmr12!
[4



]) [5] (C:\Users\anish\Desktop\latex_files\Template_stage1\chap3.tex
Chapter 3.
Missing character: There is no ‚ in font cmr12!
Missing character: There is no Ä in font cmr12!
Missing character: There is no ú in font cmr12!
Missing character: There is no ‚ in font cmr12!
Missing character: There is no Ä in font cmr12!
Missing character: There is no ù in font cmr12!
Missing character: There is no ‚ in font cmr12!
Missing character: There is no Ä in font cmr12!
Missing character: There is no ì in font cmr12!
Missing character: There is no ‚ in font cmr12!
Missing character: There is no Ä in font cmr12!
Missing character: There is no ì in font cmr12!
[6



]
Missing character: There is no ‚ in font cmr12!
Missing character: There is no Ä in font cmr12!
Missing character: There is no ì in font cmr12!
 [7]
Missing character: There is no ‚ in font cmr12!
Missing character: There is no Ä in font cmr12!
Missing character: There is no ú in font cmr12!
Missing character: There is no ‚ in font cmr12!
Missing character: There is no Ä in font cmr12!
Missing character: There is no ù in font cmr12!


! LaTeX Error: Unknown graphics extension: .eps.

See the LaTeX manual or LaTeX Companion for explanation.
Type  H <return>  for immediate help.
 ...                                              
                                                  
l.66 \includegraphics[width=3.5in]{linedia.eps}
                                               
? 
[8]

! LaTeX Error: Unknown graphics extension: .eps.

See the LaTeX manual or LaTeX Companion for explanation.
Type  H <return>  for immediate help.
 ...                                              
                                                  
l.74 \includegraphics[width=3.5in]{equations.eps}
                                                 
? 
) [9] (C:\Users\anish\Desktop\latex_files\Template_stage1\bibliography.tex
Missing character: There is no ‚ in font cmti12!
Missing character: There is no Ä in font cmti12!
Missing character: There is no ò in font cmti12!
Missing character: There is no √ in font cmr12!
Missing character: There is no ó in font cmr12!
Missing character: There is no ‚ in font cmti12!
Missing character: There is no Ä in font cmti12!
Missing character: There is no ì in font cmti12!
Missing character: There is no ‚ in font cmti12!
Missing character: There is no Ä in font cmti12!
Missing character: There is no ì in font cmti12!

[10



]) [11]
(C:\Users\anish\Desktop\latex_files\Template_stage1\RAIT_ME_Report.aux
(C:\Users\anish\Desktop\latex_files\Template_stage1\final_report_prelude.aux)
(C:\Users\anish\Desktop\latex_files\Template_stage1\chap1.aux)
(C:\Users\anish\Desktop\latex_files\Template_stage1\chap2.aux)
(C:\Users\anish\Desktop\latex_files\Template_stage1\chap3.aux)) ) 
Here is how much of TeX's memory you used:
 1310 strings out of 493921
 18308 string characters out of 3147282
 71766 words of memory out of 3000000
 4596 multiletter control sequences out of 15000+200000
 10377 words of font info for 36 fonts, out of 3000000 for 9000
 841 hyphenation exceptions out of 8191
 28i,7n,21p,1117b,211s stack positions out of 5000i,500n,10000p,200000b,50000s
<C:/miketext/f
onts/type1/public/amsfonts/cm/cmbx12.pfb><C:/miketext/fonts/type1/public/amsfon
ts/cm/cmmi12.pfb><C:/miketext/fonts/type1/public/amsfonts/cm/cmr10.pfb><C:/mike
text/fonts/type1/public/amsfonts/cm/cmr12.pfb><C:/miketext/fonts/type1/public/a
msfonts/cm/cmr8.pfb><C:/miketext/fonts/type1/public/amsfonts/cm/cmti12.pfb>
Output written on RAIT_ME_Report.pdf (18 pages, 120370 bytes).
PDF statistics:
 84 PDF objects out of 1000 (max. 8388607)
 0 named destinations out of 1000 (max. 500000)
 1 words of extra memory for PDF output out of 10000 (max. 10000000)

