This is pdfTeX, Version 3.1415926-2.4-1.40.13 (MiKTeX 2.9 64-bit) (preloaded format=latex 2014.12.5)  8 SEP 2017 12:00
entering extended mode
**C:/Users/anish/Desktop/latex_files/aps3/APS_2_Report.tex
(C:/Users/anish/Desktop/latex_files/aps3/APS_2_Report.tex
LaTeX2e <2011/06/27>
Babel <v3.8m> and hyphenation patterns for english, afrikaans, ancientgreek, ar
abic, armenian, assamese, basque, bengali, bokmal, bulgarian, catalan, coptic, 
croatian, czech, danish, dutch, esperanto, estonian, farsi, finnish, french, ga
lician, german, german-x-2012-05-30, greek, gujarati, hindi, hungarian, iceland
ic, indonesian, interlingua, irish, italian, kannada, kurmanji, latin, latvian,
 lithuanian, malayalam, marathi, mongolian, mongolianlmc, monogreek, ngerman, n
german-x-2012-05-30, nynorsk, oriya, panjabi, pinyin, polish, portuguese, roman
ian, russian, sanskrit, serbian, slovak, slovenian, spanish, swedish, swissgerm
an, tamil, telugu, turkish, turkmen, ukenglish, ukrainian, uppersorbian, usengl
ishmax, welsh, loaded.
(C:\Users\anish\Desktop\latex_files\aps3\final_raitreport.cls

LaTeX Warning: You have requested document class `final_raitreport',
               but the document class provides `iitbaps'.

Document Class: iitbaps 2007/06/25 IIT Bombay Annual Preogress Report Format
Document Class `iitbaps' v0.5beta <13 August 07>
(C:\miketext\tex\latex\base\report.cls
Document Class: report 2007/10/19 v1.4h Standard LaTeX document class
(C:\miketext\tex\latex\base\size12.clo
File: size12.clo 2007/10/19 v1.4h Standard LaTeX file (size option)
)
\c@part=\count79
\c@chapter=\count80
\c@section=\count81
\c@subsection=\count82
\c@subsubsection=\count83
\c@paragraph=\count84
\c@subparagraph=\count85
\c@figure=\count86
\c@table=\count87
\abovecaptionskip=\skip41
\belowcaptionskip=\skip42
\bibindent=\dimen102
)
Two side is false
) (C:\miketext\tex\latex\graphics\graphicx.sty
Package: graphicx 1999/02/16 v1.0f Enhanced LaTeX Graphics (DPC,SPQR)

(C:\miketext\tex\latex\graphics\keyval.sty
Package: keyval 1999/03/16 v1.13 key=value parser (DPC)
\KV@toks@=\toks14
)
(C:\miketext\tex\latex\graphics\graphics.sty
Package: graphics 2009/02/05 v1.0o Standard LaTeX Graphics (DPC,SPQR)

(C:\miketext\tex\latex\graphics\trig.sty
Package: trig 1999/03/16 v1.09 sin cos tan (DPC)
)
(C:\miketext\tex\latex\00miktex\graphics.cfg
File: graphics.cfg 2007/01/18 v1.5 graphics configuration of teTeX/TeXLive
)
Package graphics Info: Driver file: dvips.def on input line 91.

(C:\miketext\tex\latex\graphics\dvips.def
File: dvips.def 1999/02/16 v3.0i Driver-dependant file (DPC,SPQR)
))
\Gin@req@height=\dimen103
\Gin@req@width=\dimen104
)
(C:\Users\anish\Desktop\latex_files\aps3\APS_2_Report.aux
(C:\Users\anish\Desktop\latex_files\aps3\final_disser_prelude.aux)
(C:\Users\anish\Desktop\latex_files\aps3\chap1.aux)
(C:\Users\anish\Desktop\latex_files\aps3\chap2.aux)
(C:\Users\anish\Desktop\latex_files\aps3\chap3.aux

LaTeX Warning: Label `' multiply defined.


LaTeX Warning: Label `' multiply defined.


LaTeX Warning: Label `' multiply defined.


LaTeX Warning: Label `lined' multiply defined.


LaTeX Warning: Label `' multiply defined.


LaTeX Warning: Label `lined' multiply defined.


LaTeX Warning: Label `table:comp' multiply defined.


LaTeX Warning: Label `lined' multiply defined.

) (C:\Users\anish\Desktop\latex_files\aps3\chap4.aux

LaTeX Warning: Label `lined' multiply defined.


LaTeX Warning: Label `lined' multiply defined.


LaTeX Warning: Label `lined' multiply defined.


LaTeX Warning: Label `lined' multiply defined.


LaTeX Warning: Label `lined' multiply defined.


LaTeX Warning: Label `lined' multiply defined.


LaTeX Warning: Label `lined' multiply defined.


LaTeX Warning: Label `lined' multiply defined.


LaTeX Warning: Label `lined' multiply defined.


LaTeX Warning: Label `lined' multiply defined.


LaTeX Warning: Label `lined' multiply defined.


LaTeX Warning: Label `lined' multiply defined.


LaTeX Warning: Label `lined' multiply defined.


LaTeX Warning: Label `lined' multiply defined.

) (C:\Users\anish\Desktop\latex_files\aps3\chap5.aux))
LaTeX Font Info:    Checking defaults for OML/cmm/m/it on input line 17.
LaTeX Font Info:    ... okay on input line 17.
LaTeX Font Info:    Checking defaults for T1/cmr/m/n on input line 17.
LaTeX Font Info:    ... okay on input line 17.
LaTeX Font Info:    Checking defaults for OT1/cmr/m/n on input line 17.
LaTeX Font Info:    ... okay on input line 17.
LaTeX Font Info:    Checking defaults for OMS/cmsy/m/n on input line 17.
LaTeX Font Info:    ... okay on input line 17.
LaTeX Font Info:    Checking defaults for OMX/cmex/m/n on input line 17.
LaTeX Font Info:    ... okay on input line 17.
LaTeX Font Info:    Checking defaults for U/cmr/m/n on input line 17.
LaTeX Font Info:    ... okay on input line 17.

(C:\Users\anish\Desktop\latex_files\aps3\final_disser_prelude.tex
File: ./new_logo.eps Graphic file (type eps)

<./new_logo.eps> [1




]
File: new_logo.eps Graphic file (type eps)
 <new_logo.eps>
File: university.eps Graphic file (type eps)
 <university.eps>
LaTeX Font Info:    External font `cmex10' loaded for size
(Font)              <14.4> on input line 78.
LaTeX Font Info:    External font `cmex10' loaded for size
(Font)              <7> on input line 78.

Overfull \hbox (12.73755pt too wide) in paragraph at lines 78--87
 [][][] 
 []

[1

]
Underfull \hbox (badness 10000) in paragraph at lines 115--124

 []

LaTeX Font Info:    External font `cmex10' loaded for size
(Font)              <12> on input line 125.
LaTeX Font Info:    External font `cmex10' loaded for size
(Font)              <8> on input line 125.
LaTeX Font Info:    External font `cmex10' loaded for size
(Font)              <6> on input line 125.

Overfull \hbox (0.82053pt too wide) in paragraph at lines 125--135
[][][]
 []


Underfull \hbox (badness 10000) in paragraph at lines 125--135

 []


Overfull \hbox (0.82053pt too wide) in paragraph at lines 136--145
[][][]
 []


Underfull \hbox (badness 10000) in paragraph at lines 136--145

 []

[2

]
Underfull \hbox (badness 10000) in paragraph at lines 178--182

 []


Overfull \hbox (0.82053pt too wide) in paragraph at lines 183--193
[][][]
 []


Underfull \hbox (badness 10000) in paragraph at lines 183--193

 []

[3

] [4

] (C:\Users\anish\Desktop\latex_files\aps3\APS_2_Report.toc)
\tf@toc=\write3
 [5

]
\c@theorem=\count88
)
(C:\Users\anish\Desktop\latex_files\aps3\chap1.tex
Chapter 1.
File: dis.eps Graphic file (type eps)
<dis.eps>

LaTeX Warning: `h' float specifier changed to `ht'.

[1





]
LaTeX Font Info:    Try loading font information for OMS+cmr on input line 28.
 (C:\miketext\tex\latex\base\omscmr.fd
File: omscmr.fd 1999/05/25 v2.5h Standard LaTeX font definitions
)
LaTeX Font Info:    Font shape `OMS/cmr/m/n' in size <12> not available
(Font)              Font shape `OMS/cmsy/m/n' tried instead on input line 28.
 [2]) [3]
(C:\Users\anish\Desktop\latex_files\aps3\chap2.tex
Chapter 2.
[4



]
Underfull \hbox (badness 3547) in paragraph at lines 88--88
[][]\OT1/cmr/m/n/12 Research pa-
 []


Underfull \hbox (badness 10000) in paragraph at lines 90--92
[][]\OT1/cmr/m/n/12 Comparison
 []


Underfull \hbox (badness 10000) in paragraph at lines 90--92
\OT1/cmr/m/n/12 with Be-lief
 []


Underfull \hbox (badness 10000) in paragraph at lines 90--92
\OT1/cmr/m/n/12 Prop-a-ga-tion
 []


Underfull \hbox (badness 10000) in paragraph at lines 90--92
\OT1/cmr/m/n/12 for stereo,
 []


Underfull \hbox (badness 10000) in paragraph at lines 90--92
\OT1/cmr/m/n/12 Us-ing Iden-
 []


Underfull \hbox (badness 10000) in paragraph at lines 90--92
\OT1/cmr/m/n/12 ti-cal MRF
 []


Underfull \hbox (badness 10000) in paragraph at lines 90--92
\OT1/cmr/m/n/12 Pa-ram-e-ters
 []


Underfull \hbox (badness 10000) in paragraph at lines 96--98
[][]\OT1/cmr/m/n/12 Efficient
 []


Underfull \hbox (badness 10000) in paragraph at lines 96--98
\OT1/cmr/m/n/12 Be-lief Prop-
 []


Underfull \hbox (badness 10000) in paragraph at lines 96--98
\OT1/cmr/m/n/12 a-ga-tion for
 []


Underfull \hbox (badness 6995) in paragraph at lines 96--98
\OT1/cmr/m/n/12 Early Vi-sion
 []


Underfull \hbox (badness 10000) in paragraph at lines 99--100
[][]\OT1/cmr/m/n/12 Distance trans-form
 []


Underfull \hbox (badness 10000) in paragraph at lines 99--100
\OT1/cmr/m/n/12 tech-nique(difference
 []


Underfull \hbox (badness 1253) in paragraph at lines 108--110
[][]\OT1/cmr/m/n/12 Low Mem-ory
 []


Underfull \hbox (badness 10000) in paragraph at lines 108--110
\OT1/cmr/m/n/12 Cost Block
 []


Underfull \hbox (badness 10000) in paragraph at lines 108--110
\OT1/cmr/m/n/12 Based Be-lief
 []


Underfull \hbox (badness 10000) in paragraph at lines 108--110
\OT1/cmr/m/n/12 Prop-a-ga-tion
 []


Underfull \hbox (badness 10000) in paragraph at lines 108--110
\OT1/cmr/m/n/12 for Stereo
 []


Underfull \hbox (badness 10000) in paragraph at lines 108--110
\OT1/cmr/m/n/12 Cor-re-spon-
 []


Underfull \hbox (badness 1867) in paragraph at lines 110--111
[]\OT1/cmr/m/n/12 The in-for-ma-tion ex-change
 []


Underfull \hbox (badness 6741) in paragraph at lines 110--111
\OT1/cmr/m/n/12 be-tween Neigh-bor-ing fin-
 []


Underfull \hbox (badness 10000) in paragraph at lines 112--114
[][]\OT1/cmr/m/n/12 Hardware-
 []


Underfull \hbox (badness 10000) in paragraph at lines 112--114
\OT1/cmr/m/n/12 Efficient
 []


Underfull \hbox (badness 1389) in paragraph at lines 112--114
\OT1/cmr/m/n/12 Be-lief Prop-a-
 []


Underfull \hbox (badness 5681) in paragraph at lines 114--114
\OT1/cmr/m/n/12 by new mes-sage scheme
 []


LaTeX Warning: `h' float specifier changed to `ht'.

) [5] [6] (C:\Users\anish\Desktop\latex_files\aps3\chap3.tex
Chapter 3.
[7



]
Overfull \hbox (19.30794pt too wide) in paragraph at lines 33--34
[][]\OT1/cmr/m/n/12 If match-ing cost of all pix-els is 0, than prob-a-bil-ity 
of stereo set to dis-par-ity map.i.e.(Y/X)
 []

File: SM.eps Graphic file (type eps)
<SM.eps>

LaTeX Warning: `h' float specifier changed to `ht'.

[8]
Overfull \hbox (4.19447pt too wide) in paragraph at lines 63--64
[][]\OT1/cmr/m/n/12 Whereas $\OML/cmm/m/it/12 X[]s$ \OT1/cmr/m/n/12 is hid-den 
node state, Y is ev-i-dence or ob-served state node,Compatibility
 []

File: markov.eps Graphic file (type eps)
<markov.eps>

LaTeX Warning: `h' float specifier changed to `ht'.


Underfull \hbox (badness 2245) in paragraph at lines 87--88
[]\OT1/cmr/m/n/12 Maximizing prob-a-bil-ity of
 []

Missing character: There is no … in font cmr12!

Underfull \hbox (badness 1442) in paragraph at lines 91--92
[]\OT1/cmr/m/n/12 Set of pix-els in dis-par-ity
 []


Overfull \hbox (16.3759pt too wide) in paragraph at lines 81--98
 [] 
 []


LaTeX Warning: `h' float specifier changed to `ht'.


Overfull \hbox (3.6845pt too wide) in paragraph at lines 102--104
[]\OT1/cmr/m/n/12 The be-lief prop-a-ga-tion al-go-rithm was pro-posed by Pearl
 in 1988 for find-ing ex-act marginal's
 []

[9] [10]
File: bp1.eps Graphic file (type eps)
 <bp1.eps> [11]) [12]
(C:\Users\anish\Desktop\latex_files\aps3\chap4.tex
Chapter 4.
File: bk.eps Graphic file (type eps)
<bk.eps>
File: epipolar1.eps Graphic file (type eps)
 <epipolar1.eps>

LaTeX Warning: `h' float specifier changed to `ht'.

[13



] [14]
Overfull \hbox (5.1553pt too wide) in paragraph at lines 43--45
\OT1/cmr/m/n/12 The ini-tial val-ues from ini-tial depth map is nor-mal-ized be
-tween the val-ues $1\OML/cmm/m/it/12 =\OT1/cmr/m/n/12 16$to $16\OML/cmm/m/it/1
2 =\OT1/cmr/m/n/12 16$.The
 []


Overfull \hbox (5.79561pt too wide) in paragraph at lines 47--69
\OT1/cmr/m/n/12 M(k,1)= exp-(DC(i,j)+(abs(D(i-1,j)-(k/16))+ abs(D(i,j+1)-(k/16)
)+abs(D(i,j-1)-(k/16)));
 []


Overfull \hbox (1.23038pt too wide) in paragraph at lines 47--69
\OT1/cmr/m/n/12 % for up move-ment exp-(DC(i,j)+(abs(D(i-1,j)-(k/16))+ abs(D(i+
1,j)-(k/16))+ abs(D(i,j-
 []


Overfull \hbox (10.04279pt too wide) in paragraph at lines 47--69
\OT1/cmr/m/n/12 % for left move-ment exp-(DC(i,j)+(abs(D(i+1,j)-(k/16))+ abs(D(
i,j+1)-(k/16))+ abs(D(i,j-
 []


Overfull \hbox (34.84808pt too wide) in paragraph at lines 47--69
\OT1/cmr/m/n/12 % for down move-ment exp-(DC(i,j)+(abs(D(i-1,j)-(k/16))+ abs(D(
i+1,j)-(k/16))+ abs(D(i,j+1)-
 []

[15]
Overfull \hbox (2.98035pt too wide) in paragraph at lines 73--74
[][]\OT1/cmr/m/n/12 Stereo im-age Aloe Vera(427x370)Size of left im-age :323KB,
Size of right im-age :324KB 
 []

File: leftal.eps Graphic file (type eps)
<leftal.eps>
File: rightal.eps Graphic file (type eps)
 <rightal.eps>
File: idmalma.eps Graphic file (type eps)
 <idmalma.eps>

LaTeX Warning: `h' float specifier changed to `ht'.

File: dmmaal.eps Graphic file (type eps)
<dmmaal.eps>

LaTeX Warning: `h' float specifier changed to `ht'.

File: leftlam.eps Graphic file (type eps)
<leftlam.eps>

LaTeX Warning: `h' float specifier changed to `ht'.

File: rightlam.eps Graphic file (type eps)
<rightlam.eps>

LaTeX Warning: `h' float specifier changed to `ht'.

File: idmlamma.eps Graphic file (type eps)
<idmlamma.eps>

LaTeX Warning: `h' float specifier changed to `ht'.

File: dmlamma.eps Graphic file (type eps)
<dmlamma.eps>

LaTeX Warning: `h' float specifier changed to `ht'.

File: idmMIal.eps Graphic file (type eps)
<idmMIal.eps>

LaTeX Warning: `h' float specifier changed to `ht'.

File: dmMIal.eps Graphic file (type eps)
<dmMIal.eps>

LaTeX Warning: `h' float specifier changed to `ht'.

File: idmMIlam.eps Graphic file (type eps)
<idmMIlam.eps>

LaTeX Warning: `h' float specifier changed to `ht'.

File: dmMIlam.eps Graphic file (type eps)
<dmMIlam.eps>

LaTeX Warning: `h' float specifier changed to `ht'.

) [16] [17] [18] [19] [20] [21]
(C:\Users\anish\Desktop\latex_files\aps3\chap5.tex
Chapter 5.

Overfull \hbox (9.91638pt too wide) in paragraph at lines 7--8
[][]\OT1/cmr/m/n/12 The op-ti-miza-tion al-go-rithm Be-lief Prop-a-ga-tion for 
both meth-ods are im-ple-mented.The
 []

) [22



] (C:\Users\anish\Desktop\latex_files\aps3\bibliography.tex
Underfull \hbox (badness 10000) in paragraph at lines 20--22
[][]\OT1/cmr/m/n/12 http://nghiaho.com/notes/Markov Ran-dom Field,Loopy Be-lief
 Prop-a-ga-
 []

[23



]
Underfull \hbox (badness 10000) in paragraph at lines 77--78
[][]\OT1/cmr/m/n/12 https://github.com/daviddoria/Tutorials/blob/master/BeliefP
ropagation/-
 []


Underfull \hbox (badness 10000) in paragraph at lines 80--81
[][]\OT1/cmr/m/n/12 http://www.cedar.buffalo.edu/srihari/CSE574/Chap8/Ch8-
 []

) [24] (C:\Users\anish\Desktop\latex_files\aps3\APS_2_Report.aux
(C:\Users\anish\Desktop\latex_files\aps3\final_disser_prelude.aux)
(C:\Users\anish\Desktop\latex_files\aps3\chap1.aux)
(C:\Users\anish\Desktop\latex_files\aps3\chap2.aux)
(C:\Users\anish\Desktop\latex_files\aps3\chap3.aux)
(C:\Users\anish\Desktop\latex_files\aps3\chap4.aux)
(C:\Users\anish\Desktop\latex_files\aps3\chap5.aux))

LaTeX Warning: There were multiply-defined labels.

 ) 
Here is how much of TeX's memory you used:
 798 strings out of 493922
 10892 string characters out of 3147305
 64590 words of memory out of 3000000
 4071 multiletter control sequences out of 15000+200000
 10070 words of font info for 35 fonts, out of 3000000 for 9000
 841 hyphenation exceptions out of 8191
 28i,10n,21p,835b,352s stack positions out of 5000i,500n,10000p,200000b,50000s

Output written on APS_2_Report.dvi (30 pages, 70212 bytes).
