This is pdfTeX, Version 3.1415926-2.4-1.40.13 (MiKTeX 2.9 64-bit) (preloaded format=latex 2014.12.5)  23 OCT 2015 20:19
entering extended mode
**C:/Users/anish/Desktop/latex_files/suject_semi/disseratation.tex
(C:/Users/anish/Desktop/latex_files/suject_semi/disseratation.tex
LaTeX2e <2011/06/27>
Babel <v3.8m> and hyphenation patterns for english, afrikaans, ancientgreek, ar
abic, armenian, assamese, basque, bengali, bokmal, bulgarian, catalan, coptic, 
croatian, czech, danish, dutch, esperanto, estonian, farsi, finnish, french, ga
lician, german, german-x-2012-05-30, greek, gujarati, hindi, hungarian, iceland
ic, indonesian, interlingua, irish, italian, kannada, kurmanji, latin, latvian,
 lithuanian, malayalam, marathi, mongolian, mongolianlmc, monogreek, ngerman, n
german-x-2012-05-30, nynorsk, oriya, panjabi, pinyin, polish, portuguese, roman
ian, russian, sanskrit, serbian, slovak, slovenian, spanish, swedish, swissgerm
an, tamil, telugu, turkish, turkmen, ukenglish, ukrainian, uppersorbian, usengl
ishmax, welsh, loaded.
(C:\Users\anish\Desktop\latex_files\suject_semi\raitdisser.cls

LaTeX Warning: You have requested document class `raitdisser',
               but the document class provides `iitbaps'.

Document Class: iitbaps 2007/06/25 IIT Bombay Annual Preogress Report Format
Document Class `iitbaps' v0.5beta <13 August 07>
(C:\miketext\tex\latex\base\report.cls
Document Class: report 2007/10/19 v1.4h Standard LaTeX document class
(C:\miketext\tex\latex\base\size12.clo
File: size12.clo 2007/10/19 v1.4h Standard LaTeX file (size option)
)
\c@part=\count79
\c@chapter=\count80
\c@section=\count81
\c@subsection=\count82
\c@subsubsection=\count83
\c@paragraph=\count84
\c@subparagraph=\count85
\c@figure=\count86
\c@table=\count87
\abovecaptionskip=\skip41
\belowcaptionskip=\skip42
\bibindent=\dimen102
)
Two side is false
) (C:\miketext\tex\latex\graphics\graphicx.sty
Package: graphicx 1999/02/16 v1.0f Enhanced LaTeX Graphics (DPC,SPQR)

(C:\miketext\tex\latex\graphics\keyval.sty
Package: keyval 1999/03/16 v1.13 key=value parser (DPC)
\KV@toks@=\toks14
)
(C:\miketext\tex\latex\graphics\graphics.sty
Package: graphics 2009/02/05 v1.0o Standard LaTeX Graphics (DPC,SPQR)

(C:\miketext\tex\latex\graphics\trig.sty
Package: trig 1999/03/16 v1.09 sin cos tan (DPC)
)
(C:\miketext\tex\latex\00miktex\graphics.cfg
File: graphics.cfg 2007/01/18 v1.5 graphics configuration of teTeX/TeXLive
)
Package graphics Info: Driver file: dvips.def on input line 91.

(C:\miketext\tex\latex\graphics\dvips.def
File: dvips.def 1999/02/16 v3.0i Driver-dependant file (DPC,SPQR)
))
\Gin@req@height=\dimen103
\Gin@req@width=\dimen104
)
(C:\Users\anish\Desktop\latex_files\suject_semi\disseratation.aux
(C:\Users\anish\Desktop\latex_files\suject_semi\final_report_prelude1.aux)
(C:\Users\anish\Desktop\latex_files\suject_semi\chap1_1.aux))
LaTeX Font Info:    Checking defaults for OML/cmm/m/it on input line 15.
LaTeX Font Info:    ... okay on input line 15.
LaTeX Font Info:    Checking defaults for T1/cmr/m/n on input line 15.
LaTeX Font Info:    ... okay on input line 15.
LaTeX Font Info:    Checking defaults for OT1/cmr/m/n on input line 15.
LaTeX Font Info:    ... okay on input line 15.
LaTeX Font Info:    Checking defaults for OMS/cmsy/m/n on input line 15.
LaTeX Font Info:    ... okay on input line 15.
LaTeX Font Info:    Checking defaults for OMX/cmex/m/n on input line 15.
LaTeX Font Info:    ... okay on input line 15.
LaTeX Font Info:    Checking defaults for U/cmr/m/n on input line 15.
LaTeX Font Info:    ... okay on input line 15.

No file final_report_prelude1.tex.
(C:\Users\anish\Desktop\latex_files\suject_semi\chap1_1.tex
Chapter 1.
LaTeX Font Info:    Try loading font information for OMS+cmr on input line 16.
(C:\miketext\tex\latex\base\omscmr.fd
File: omscmr.fd 1999/05/25 v2.5h Standard LaTeX font definitions
)
LaTeX Font Info:    Font shape `OMS/cmr/m/n' in size <12> not available
(Font)              Font shape `OMS/cmsy/m/n' tried instead on input line 16.

Underfull \hbox (badness 10000) in paragraph at lines 19--20

 []


Underfull \hbox (badness 10000) in paragraph at lines 19--20

 []

[1





]) [2]
Underfull \hbox (badness 10000) in paragraph at lines 60--63
[][]\OT1/cmr/m/n/12 F.Besse,C.Rother,A.Fitzgibbon,J.Kautz \OT1/cmtt/m/n/12 Pmbp
:Patchmatch Belief Propagation
 []


Underfull \hbox (badness 10000) in paragraph at lines 60--63
\OT1/cmtt/m/n/12 For Correspondence Field Estimation  \OT1/cmr/m/n/12 Uni-ver-s
ity Col-lege Of Lon-don
 []


Underfull \hbox (badness 3803) in paragraph at lines 70--73
[][]\OT1/cmr/m/n/12 Wonjun Hwang Kyung-shik,Roh Junmo Kim \OT1/cmtt/m/n/12 Mark
ov Network-Based Unified
 []


Underfull \hbox (badness 10000) in paragraph at lines 75--78
[][]\OT1/cmr/m/n/12 Radu Tim-o-fte,Lucvan Gool \OT1/cmtt/m/n/12 Efficient Loopy
 Belief Propagation Using
 []


Underfull \hbox (badness 10000) in paragraph at lines 75--78
\OT1/cmtt/m/n/12 The Four Color Theorem \OT1/cmr/m/n/12 Isics,Esat-Psi/Iminds V
,Belgium,Computer Vi-sion
 []


Underfull \hbox (badness 10000) in paragraph at lines 80--83
\OT1/cmtt/m/n/12 Propagation Via Priority Scheduling And Dynamic Pruning \OT1/c
mr/m/n/12 IEEE Trans-ac-
 []


Underfull \hbox (badness 10000) in paragraph at lines 88--91
[][]\OT1/cmr/m/n/12 Daniele Code-casa,Fabiostella \OT1/cmtt/m/n/12 Learning Con
tinuous Time Bayesian Network
 []

[3


]
Underfull \hbox (badness 10000) in paragraph at lines 108--111
[][]\OT1/cmr/m/n/12 N.Kmodakis And G.Tziritas \OT1/cmtt/m/n/12 Image Completion
 Using Efficient Bp Via
 []


Underfull \hbox (badness 10000) in paragraph at lines 124--127
[][]\OT1/cmr/m/n/12 Frank R.Kschischang,Brendan J.Frey,Hans An-drea Loeliger \O
T1/cmtt/m/n/12 Factor Graph
 []


Underfull \hbox (badness 10000) in paragraph at lines 124--127
\OT1/cmtt/m/n/12 and The Sum Product Algorithm \OT1/cmr/m/n/12 IEEE Tran-sca-ti
ons On In-for-ma-tion The-
 []


Underfull \hbox (badness 10000) in paragraph at lines 128--131
[][]\OT1/cmr/m/n/12 Judea Pearl \OT1/cmtt/m/n/12 Reverend Bayes On Inference En
gines:A Distributed
 []

[4] (C:\Users\anish\Desktop\latex_files\suject_semi\disseratation.aux
(C:\Users\anish\Desktop\latex_files\suject_semi\final_report_prelude1.aux)
(C:\Users\anish\Desktop\latex_files\suject_semi\chap1_1.aux)) ) 
Here is how much of TeX's memory you used:
 642 strings out of 493922
 8433 string characters out of 3147305
 58910 words of memory out of 3000000
 3979 multiletter control sequences out of 15000+200000
 5576 words of font info for 21 fonts, out of 3000000 for 9000
 841 hyphenation exceptions out of 8191
 28i,4n,21p,503b,205s stack positions out of 5000i,500n,10000p,200000b,50000s

Output written on disseratation.dvi (4 pages, 12052 bytes).
