This is pdfTeX, Version 3.1415926-2.4-1.40.13 (MiKTeX 2.9 64-bit) (preloaded format=latex 2014.12.5)  15 OCT 2015 13:27
entering extended mode
**C:/Users/anish/Desktop/latex_files/Template_EXTC/Template_stage1/RAIT_ME_Repo
rt.tex

(C:/Users/anish/Desktop/latex_files/Template_EXTC/Template_stage1/RAIT_ME_Repor
t.tex
LaTeX2e <2011/06/27>
Babel <v3.8m> and hyphenation patterns for english, afrikaans, ancientgreek, ar
abic, armenian, assamese, basque, bengali, bokmal, bulgarian, catalan, coptic, 
croatian, czech, danish, dutch, esperanto, estonian, farsi, finnish, french, ga
lician, german, german-x-2012-05-30, greek, gujarati, hindi, hungarian, iceland
ic, indonesian, interlingua, irish, italian, kannada, kurmanji, latin, latvian,
 lithuanian, malayalam, marathi, mongolian, mongolianlmc, monogreek, ngerman, n
german-x-2012-05-30, nynorsk, oriya, panjabi, pinyin, polish, portuguese, roman
ian, russian, sanskrit, serbian, slovak, slovenian, spanish, swedish, swissgerm
an, tamil, telugu, turkish, turkmen, ukenglish, ukrainian, uppersorbian, usengl
ishmax, welsh, loaded.

(C:\Users\anish\Desktop\latex_files\Template_EXTC\Template_stage1\final_raitrep
ort.cls

LaTeX Warning: You have requested document class `final_raitreport',
               but the document class provides `iitbaps'.

Document Class: iitbaps 2007/06/25 IIT Bombay Annual Preogress Report Format
Document Class `iitbaps' v0.5beta <13 August 07>
(C:\miketext\tex\latex\base\report.cls
Document Class: report 2007/10/19 v1.4h Standard LaTeX document class
(C:\miketext\tex\latex\base\size12.clo
File: size12.clo 2007/10/19 v1.4h Standard LaTeX file (size option)
)
\c@part=\count79
\c@chapter=\count80
\c@section=\count81
\c@subsection=\count82
\c@subsubsection=\count83
\c@paragraph=\count84
\c@subparagraph=\count85
\c@figure=\count86
\c@table=\count87
\abovecaptionskip=\skip41
\belowcaptionskip=\skip42
\bibindent=\dimen102
)
Two side is false
) (C:\miketext\tex\latex\graphics\graphicx.sty
Package: graphicx 1999/02/16 v1.0f Enhanced LaTeX Graphics (DPC,SPQR)

(C:\miketext\tex\latex\graphics\keyval.sty
Package: keyval 1999/03/16 v1.13 key=value parser (DPC)
\KV@toks@=\toks14
)
(C:\miketext\tex\latex\graphics\graphics.sty
Package: graphics 2009/02/05 v1.0o Standard LaTeX Graphics (DPC,SPQR)

(C:\miketext\tex\latex\graphics\trig.sty
Package: trig 1999/03/16 v1.09 sin cos tan (DPC)
)
(C:\miketext\tex\latex\00miktex\graphics.cfg
File: graphics.cfg 2007/01/18 v1.5 graphics configuration of teTeX/TeXLive
)
Package graphics Info: Driver file: dvips.def on input line 91.

(C:\miketext\tex\latex\graphics\dvips.def
File: dvips.def 1999/02/16 v3.0i Driver-dependant file (DPC,SPQR)
))
\Gin@req@height=\dimen103
\Gin@req@width=\dimen104
)
(C:\Users\anish\Desktop\latex_files\Template_EXTC\Template_stage1\RAIT_ME_Repor
t.aux
(C:\Users\anish\Desktop\latex_files\Template_EXTC\Template_stage1\final_report_
prelude.aux)
(C:\Users\anish\Desktop\latex_files\Template_EXTC\Template_stage1\chap1.aux)
(C:\Users\anish\Desktop\latex_files\Template_EXTC\Template_stage1\chap2.aux)
(C:\Users\anish\Desktop\latex_files\Template_EXTC\Template_stage1\chap3.aux))
LaTeX Font Info:    Checking defaults for OML/cmm/m/it on input line 17.
LaTeX Font Info:    ... okay on input line 17.
LaTeX Font Info:    Checking defaults for T1/cmr/m/n on input line 17.
LaTeX Font Info:    ... okay on input line 17.
LaTeX Font Info:    Checking defaults for OT1/cmr/m/n on input line 17.
LaTeX Font Info:    ... okay on input line 17.
LaTeX Font Info:    Checking defaults for OMS/cmsy/m/n on input line 17.
LaTeX Font Info:    ... okay on input line 17.
LaTeX Font Info:    Checking defaults for OMX/cmex/m/n on input line 17.
LaTeX Font Info:    ... okay on input line 17.
LaTeX Font Info:    Checking defaults for U/cmr/m/n on input line 17.
LaTeX Font Info:    ... okay on input line 17.

(C:\Users\anish\Desktop\latex_files\Template_EXTC\Template_stage1\final_report_
prelude.tex
File: raitlogo.eps Graphic file (type eps)
 <raitlogo.eps> [1



]
File: raitlogo.eps Graphic file (type eps)
 <raitlogo.eps>
File: university.eps Graphic file (type eps)
 <university.eps>
LaTeX Font Info:    External font `cmex10' loaded for size
(Font)              <14.4> on input line 65.
LaTeX Font Info:    External font `cmex10' loaded for size
(Font)              <7> on input line 65.

Overfull \hbox (12.73755pt too wide) in paragraph at lines 65--76
 [][][] 
 []

[1

] [2


]
Missing character: There is no ‚ in font cmr12!
Missing character: There is no Ä in font cmr12!
Missing character: There is no ô in font cmr12!
 [3

]
(C:\Users\anish\Desktop\latex_files\Template_EXTC\Template_stage1\RAIT_ME_Repor
t.lot)
\tf@lot=\write3
 [4

]
(C:\Users\anish\Desktop\latex_files\Template_EXTC\Template_stage1\RAIT_ME_Repor
t.lof
LaTeX Font Info:    External font `cmex10' loaded for size
(Font)              <12> on input line 4.
LaTeX Font Info:    External font `cmex10' loaded for size
(Font)              <8> on input line 4.
LaTeX Font Info:    External font `cmex10' loaded for size
(Font)              <6> on input line 4.
)
\tf@lof=\write4
 [5

]
(C:\Users\anish\Desktop\latex_files\Template_EXTC\Template_stage1\RAIT_ME_Repor
t.toc)
\tf@toc=\write5
\c@theorem=\count88
 [6

])
(C:\Users\anish\Desktop\latex_files\Template_EXTC\Template_stage1\chap1.tex
Chapter 1.
[1




]
Underfull \hbox (badness 10000) in paragraph at lines 47--50

 []

[2]) [3]
(C:\Users\anish\Desktop\latex_files\Template_EXTC\Template_stage1\chap2.tex
Chapter 2.
Missing character: There is no ‚ in font cmr12!
Missing character: There is no Ä in font cmr12!
Missing character: There is no ì in font cmr12!
Missing character: There is no ‚ in font cmr12!
Missing character: There is no Ä in font cmr12!
Missing character: There is no ì in font cmr12!
Missing character: There is no ‚ in font cmr12!
Missing character: There is no Ä in font cmr12!
Missing character: There is no ì in font cmr12!
[4



]) [5]
(C:\Users\anish\Desktop\latex_files\Template_EXTC\Template_stage1\chap3.tex
Chapter 3.
Missing character: There is no ‚ in font cmr12!
Missing character: There is no Ä in font cmr12!
Missing character: There is no ú in font cmr12!
Missing character: There is no ‚ in font cmr12!
Missing character: There is no Ä in font cmr12!
Missing character: There is no ù in font cmr12!
Missing character: There is no ‚ in font cmr12!
Missing character: There is no Ä in font cmr12!
Missing character: There is no ì in font cmr12!
Missing character: There is no ‚ in font cmr12!
Missing character: There is no Ä in font cmr12!
Missing character: There is no ì in font cmr12!
[6



]
Missing character: There is no ‚ in font cmr12!
Missing character: There is no Ä in font cmr12!
Missing character: There is no ì in font cmr12!
 [7]
Missing character: There is no ‚ in font cmr12!
Missing character: There is no Ä in font cmr12!
Missing character: There is no ú in font cmr12!
Missing character: There is no ‚ in font cmr12!
Missing character: There is no Ä in font cmr12!
Missing character: There is no ù in font cmr12!
File: linedia.eps Graphic file (type eps)
 <linedia.eps> [8]
File: equations.eps Graphic file (type eps)
 <equations.eps>) [9]
(C:\Users\anish\Desktop\latex_files\Template_EXTC\Template_stage1\bibliography.
tex
Missing character: There is no ‚ in font cmti12!
Missing character: There is no Ä in font cmti12!
Missing character: There is no ò in font cmti12!
Missing character: There is no √ in font cmr12!
Missing character: There is no ó in font cmr12!
Missing character: There is no ‚ in font cmti12!
Missing character: There is no Ä in font cmti12!
Missing character: There is no ì in font cmti12!
Missing character: There is no ‚ in font cmti12!
Missing character: There is no Ä in font cmti12!
Missing character: There is no ì in font cmti12!
 [10



]) [11]
(C:\Users\anish\Desktop\latex_files\Template_EXTC\Template_stage1\RAIT_ME_Repor
t.aux
(C:\Users\anish\Desktop\latex_files\Template_EXTC\Template_stage1\final_report_
prelude.aux)
(C:\Users\anish\Desktop\latex_files\Template_EXTC\Template_stage1\chap1.aux)
(C:\Users\anish\Desktop\latex_files\Template_EXTC\Template_stage1\chap2.aux)
(C:\Users\anish\Desktop\latex_files\Template_EXTC\Template_stage1\chap3.aux)) )
 
Here is how much of TeX's memory you used:
 725 strings out of 493922
 10885 string characters out of 3147305
 60988 words of memory out of 3000000
 4025 multiletter control sequences out of 15000+200000
 10377 words of font info for 36 fonts, out of 3000000 for 9000
 841 hyphenation exceptions out of 8191
 28i,7n,21p,1131b,279s stack positions out of 5000i,500n,10000p,200000b,50000s

Output written on RAIT_ME_Report.dvi (18 pages, 45752 bytes).
