This is pdfTeX, Version 3.1415926-2.4-1.40.13 (MiKTeX 2.9 64-bit) (preloaded format=latex 2014.12.5)  23 JUL 2016 10:17
entering extended mode
**C:/Users/anish/Desktop/latex_files/Research*proposal_modified/research*propos
al.tex

("C:/Users/anish/Desktop/latex_files/Research proposal_modified/research propos
al.tex"
LaTeX2e <2011/06/27>
Babel <v3.8m> and hyphenation patterns for english, afrikaans, ancientgreek, ar
abic, armenian, assamese, basque, bengali, bokmal, bulgarian, catalan, coptic, 
croatian, czech, danish, dutch, esperanto, estonian, farsi, finnish, french, ga
lician, german, german-x-2012-05-30, greek, gujarati, hindi, hungarian, iceland
ic, indonesian, interlingua, irish, italian, kannada, kurmanji, latin, latvian,
 lithuanian, malayalam, marathi, mongolian, mongolianlmc, monogreek, ngerman, n
german-x-2012-05-30, nynorsk, oriya, panjabi, pinyin, polish, portuguese, roman
ian, russian, sanskrit, serbian, slovak, slovenian, spanish, swedish, swissgerm
an, tamil, telugu, turkish, turkmen, ukenglish, ukrainian, uppersorbian, usengl
ishmax, welsh, loaded.

("C:\Users\anish\Desktop\latex_files\Research proposal_modified\final_raitrepor
t.cls"

LaTeX Warning: You have requested document class `final_raitreport',
               but the document class provides `iitbaps'.

Document Class: iitbaps 2007/06/25 IIT Bombay Annual Preogress Report Format
Document Class `iitbaps' v0.5beta <13 August 07>
(C:\miketext\tex\latex\base\report.cls
Document Class: report 2007/10/19 v1.4h Standard LaTeX document class
(C:\miketext\tex\latex\base\size12.clo
File: size12.clo 2007/10/19 v1.4h Standard LaTeX file (size option)
)
\c@part=\count79
\c@chapter=\count80
\c@section=\count81
\c@subsection=\count82
\c@subsubsection=\count83
\c@paragraph=\count84
\c@subparagraph=\count85
\c@figure=\count86
\c@table=\count87
\abovecaptionskip=\skip41
\belowcaptionskip=\skip42
\bibindent=\dimen102
)
Two side is false
) (C:\miketext\tex\latex\graphics\graphicx.sty
Package: graphicx 1999/02/16 v1.0f Enhanced LaTeX Graphics (DPC,SPQR)

(C:\miketext\tex\latex\graphics\keyval.sty
Package: keyval 1999/03/16 v1.13 key=value parser (DPC)
\KV@toks@=\toks14
)
(C:\miketext\tex\latex\graphics\graphics.sty
Package: graphics 2009/02/05 v1.0o Standard LaTeX Graphics (DPC,SPQR)

(C:\miketext\tex\latex\graphics\trig.sty
Package: trig 1999/03/16 v1.09 sin cos tan (DPC)
)
(C:\miketext\tex\latex\00miktex\graphics.cfg
File: graphics.cfg 2007/01/18 v1.5 graphics configuration of teTeX/TeXLive
)
Package graphics Info: Driver file: dvips.def on input line 91.

(C:\miketext\tex\latex\graphics\dvips.def
File: dvips.def 1999/02/16 v3.0i Driver-dependant file (DPC,SPQR)
))
\Gin@req@height=\dimen103
\Gin@req@width=\dimen104
)
("C:\Users\anish\Desktop\latex_files\Research proposal_modified\research propos
al.aux"
("C:\Users\anish\Desktop\latex_files\Research proposal_modified\final_report_pr
elude.aux")
("C:\Users\anish\Desktop\latex_files\Research proposal_modified\chap1.aux")
("C:\Users\anish\Desktop\latex_files\Research proposal_modified\chapter2.aux")
("C:\Users\anish\Desktop\latex_files\Research proposal_modified\chap_conclusion
s.aux"))
LaTeX Font Info:    Checking defaults for OML/cmm/m/it on input line 16.
LaTeX Font Info:    ... okay on input line 16.
LaTeX Font Info:    Checking defaults for T1/cmr/m/n on input line 16.
LaTeX Font Info:    ... okay on input line 16.
LaTeX Font Info:    Checking defaults for OT1/cmr/m/n on input line 16.
LaTeX Font Info:    ... okay on input line 16.
LaTeX Font Info:    Checking defaults for OMS/cmsy/m/n on input line 16.
LaTeX Font Info:    ... okay on input line 16.
LaTeX Font Info:    Checking defaults for OMX/cmex/m/n on input line 16.
LaTeX Font Info:    ... okay on input line 16.
LaTeX Font Info:    Checking defaults for U/cmr/m/n on input line 16.
LaTeX Font Info:    ... okay on input line 16.

No file final_report_prelude.tex.
("C:\Users\anish\Desktop\latex_files\Research proposal_modified\chap1.tex"
[1




] [2] [3]) [4]
("C:\Users\anish\Desktop\latex_files\Research proposal_modified\chapter2.tex"
Chapter 1.

LaTeX Warning: Reference `scenory' on page 5 undefined on input line 19.

LaTeX Font Info:    External font `cmex10' loaded for size
(Font)              <12> on input line 24.
LaTeX Font Info:    External font `cmex10' loaded for size
(Font)              <8> on input line 24.
LaTeX Font Info:    External font `cmex10' loaded for size
(Font)              <6> on input line 24.
) [5



]
No file chap_conclusions.tex.

("C:\Users\anish\Desktop\latex_files\Research proposal_modified\research propos
al.bbl") [6





]
("C:\Users\anish\Desktop\latex_files\Research proposal_modified\research propos
al.aux"
("C:\Users\anish\Desktop\latex_files\Research proposal_modified\final_report_pr
elude.aux")
("C:\Users\anish\Desktop\latex_files\Research proposal_modified\chap1.aux")
("C:\Users\anish\Desktop\latex_files\Research proposal_modified\chapter2.aux")
("C:\Users\anish\Desktop\latex_files\Research proposal_modified\chap_conclusion
s.aux"))

LaTeX Warning: There were undefined references.

 ) 
Here is how much of TeX's memory you used:
 643 strings out of 493922
 9442 string characters out of 3147305
 60972 words of memory out of 3000000
 3961 multiletter control sequences out of 15000+200000
 8242 words of font info for 29 fonts, out of 3000000 for 9000
 841 hyphenation exceptions out of 8191
 28i,7n,21p,786b,196s stack positions out of 5000i,500n,10000p,200000b,50000s

Output written on "research proposal.dvi" (6 pages, 17876 bytes).
