This is pdfTeX, Version 3.1415926-2.4-1.40.13 (MiKTeX 2.9 64-bit) (preloaded format=latex 2014.12.5)  5 AUG 2018 16:37
entering extended mode
**C:/Users/anish/Desktop/latex_files/minimumsum/sample*(single*col).tex
("C:/Users/anish/Desktop/latex_files/minimumsum/sample (single col).tex"
LaTeX2e <2011/06/27>
Babel <v3.8m> and hyphenation patterns for english, afrikaans, ancientgreek, ar
abic, armenian, assamese, basque, bengali, bokmal, bulgarian, catalan, coptic, 
croatian, czech, danish, dutch, esperanto, estonian, farsi, finnish, french, ga
lician, german, german-x-2012-05-30, greek, gujarati, hindi, hungarian, iceland
ic, indonesian, interlingua, irish, italian, kannada, kurmanji, latin, latvian,
 lithuanian, malayalam, marathi, mongolian, mongolianlmc, monogreek, ngerman, n
german-x-2012-05-30, nynorsk, oriya, panjabi, pinyin, polish, portuguese, roman
ian, russian, sanskrit, serbian, slovak, slovenian, spanish, swedish, swissgerm
an, tamil, telugu, turkish, turkmen, ukenglish, ukrainian, uppersorbian, usengl
ishmax, welsh, loaded.
(C:\Users\anish\Desktop\latex_files\minimumsum\singlecol-new.cls

LaTeX Warning: You have requested document class `singlecol-new',
               but the document class provides `singlecol'.

Document Class: singlecol 1998/05/05 v1.3y Standard LaTeX document class
(C:\Users\anish\Desktop\latex_files\minimumsum\epsf.sty
This is `epsf.tex' v2.7.4 <14 February 2011>
\epsffilein=\read1
\epsfframemargin=\dimen102
\epsfframethickness=\dimen103
\epsfrsize=\dimen104
\epsftmp=\dimen105
\epsftsize=\dimen106
\epsfxsize=\dimen107
\epsfysize=\dimen108
\pspoints=\dimen109
) (C:\miketext\tex\latex\base\ifthen.sty
Package: ifthen 2001/05/26 v1.1c Standard LaTeX ifthen package (DPC)
)
(C:\miketext\tex\latex\tools\dcolumn.sty
Package: dcolumn 2001/05/28 v1.06 decimal alignment package (DPC)
 (C:\miketext\tex\latex\tools\array.sty
Package: array 2008/09/09 v2.4c Tabular extension package (FMi)
\col@sep=\dimen110
\extrarowheight=\dimen111
\NC@list=\toks14
\extratabsurround=\skip41
\backup@length=\skip42
)) (C:\miketext\tex\latex\graphics\graphics.sty
Package: graphics 2009/02/05 v1.0o Standard LaTeX Graphics (DPC,SPQR)

(C:\miketext\tex\latex\graphics\trig.sty
Package: trig 1999/03/16 v1.09 sin cos tan (DPC)
)
(C:\miketext\tex\latex\00miktex\graphics.cfg
File: graphics.cfg 2007/01/18 v1.5 graphics configuration of teTeX/TeXLive
)
Package graphics Info: Driver file: dvips.def on input line 91.

(C:\miketext\tex\latex\graphics\dvips.def
File: dvips.def 1999/02/16 v3.0i Driver-dependant file (DPC,SPQR)
))
(C:\miketext\tex\latex\base\leqno.sty

LaTeX Warning: inputting `leqno.clo' instead of obsolete `leqno.sty'.

(C:\miketext\tex\latex\base\leqno.clo
File: leqno.clo 1998/08/17 v1.1c Standard LaTeX option (left equation numbers)
)) (C:\miketext\tex\latex\tools\calc.sty
Package: calc 2007/08/22 v4.3 Infix arithmetic (KKT,FJ)
\calc@Acount=\count79
\calc@Bcount=\count80
\calc@Adimen=\dimen112
\calc@Bdimen=\dimen113
\calc@Askip=\skip43
\calc@Bskip=\skip44
LaTeX Info: Redefining \setlength on input line 76.
LaTeX Info: Redefining \addtolength on input line 77.
\calc@Ccount=\count81
\calc@Cskip=\skip45
)
(C:\Users\anish\Desktop\latex_files\minimumsum\lastpage.sty
Package: lastpage 1994/06/25 v0.1b LaTeX2e package for refs to last page number
 (JPG)
)
(C:\miketext\tex\latex\graphics\color.sty
Package: color 2005/11/14 v1.0j Standard LaTeX Color (DPC)

(C:\miketext\tex\latex\00miktex\color.cfg
File: color.cfg 2007/01/18 v1.5 color configuration of teTeX/TeXLive
)
Package color Info: Driver file: dvips.def on input line 130.

(C:\miketext\tex\latex\graphics\dvipsnam.def
File: dvipsnam.def 1999/02/16 v3.0i Driver-dependant file (DPC,SPQR)
))
(C:\Users\anish\Desktop\latex_files\minimumsum\endnotes.sty
\c@endnote=\count82
\endnotesep=\dimen114
\@enotes=\write3
)
(C:\miketext\tex\latex\amsmath\amsmath.sty
Package: amsmath 2013/01/14 v2.14 AMS math features
\@mathmargin=\skip46

For additional information on amsmath, use the `?' option.
(C:\miketext\tex\latex\amsmath\amstext.sty
Package: amstext 2000/06/29 v2.01

(C:\miketext\tex\latex\amsmath\amsgen.sty
File: amsgen.sty 1999/11/30 v2.0
\@emptytoks=\toks15
\ex@=\dimen115
))
(C:\miketext\tex\latex\amsmath\amsbsy.sty
Package: amsbsy 1999/11/29 v1.2d
\pmbraise@=\dimen116
)
(C:\miketext\tex\latex\amsmath\amsopn.sty
Package: amsopn 1999/12/14 v2.01 operator names
)
\inf@bad=\count83
LaTeX Info: Redefining \frac on input line 210.
\uproot@=\count84
\leftroot@=\count85
LaTeX Info: Redefining \overline on input line 306.
\classnum@=\count86
\DOTSCASE@=\count87
LaTeX Info: Redefining \ldots on input line 378.
LaTeX Info: Redefining \dots on input line 381.
LaTeX Info: Redefining \cdots on input line 466.
\Mathstrutbox@=\box26
\strutbox@=\box27
\big@size=\dimen117
LaTeX Font Info:    Redeclaring font encoding OML on input line 566.
LaTeX Font Info:    Redeclaring font encoding OMS on input line 567.
\macc@depth=\count88
\c@MaxMatrixCols=\count89
\dotsspace@=\muskip10
\c@parentequation=\count90
\dspbrk@lvl=\count91
\tag@help=\toks16
\row@=\count92
\column@=\count93
\maxfields@=\count94
\andhelp@=\toks17
\eqnshift@=\dimen118
\alignsep@=\dimen119
\tagshift@=\dimen120
\tagwidth@=\dimen121
\totwidth@=\dimen122
\lineht@=\dimen123
\@envbody=\toks18
\multlinegap=\skip47
\multlinetaggap=\skip48
\mathdisplay@stack=\toks19
LaTeX Info: Redefining \[ on input line 2665.
LaTeX Info: Redefining \] on input line 2666.
)
(C:\miketext\tex\latex\amsfonts\amsfonts.sty
Package: amsfonts 2013/01/14 v3.01 Basic AMSFonts support
\symAMSa=\mathgroup4
\symAMSb=\mathgroup5
LaTeX Font Info:    Overwriting math alphabet `\mathfrak' in version `bold'
(Font)                  U/euf/m/n --> U/euf/b/n on input line 106.
)
(C:\miketext\tex\latex\amsfonts\amssymb.sty
Package: amssymb 2013/01/14 v3.01 AMS font symbols
)
(C:\miketext\tex\latex\tools\bm.sty
Package: bm 2004/02/26 v1.1c Bold Symbol Support (DPC/FMi)
\symboldoperators=\mathgroup6
\symboldletters=\mathgroup7
\symboldsymbols=\mathgroup8
LaTeX Font Info:    Redeclaring math alphabet \mathbf on input line 138.
LaTeX Info: Redefining \bm on input line 204.
) (C:\miketext\tex\latex\base\latexsym.sty
Package: latexsym 1998/08/17 v2.2e Standard LaTeX package (lasy symbols)
\symlasy=\mathgroup9
LaTeX Font Info:    Overwriting symbol font `lasy' in version `bold'
(Font)                  U/lasy/m/n --> U/lasy/b/n on input line 47.
)
(C:\Users\anish\Desktop\latex_files\minimumsum\fontenc.sty
Package: fontenc 1994/12/14 v1.7f Standard LaTeX package

(C:\Users\anish\Desktop\latex_files\minimumsum\LY1enc.def
File: ly1enc.def 2009/07/22 v0.7 TeX 'n ANSI encoding (DPC/KB)
)
LaTeX Font Info:    Try loading font information for LY1+ptm on input line 87.

(C:\Users\anish\Desktop\latex_files\minimumsum\ly1ptm.fd
File: ly1ptm.fd 2001/02/01 font definitions for LY1/ptm using Berry names.
))
(C:\miketext\tex\latex\base\size10.clo
File: size10.clo 2007/10/19 v1.4h Standard LaTeX file (size option)
)
\markwidth=\dimen124
\blth=\dimen125
\marklength=\dimen126
\markdistance=\dimen127
\trimwidth=\dimen128
\trimheight=\dimen129
\auxaaa=\dimen130
\auxbbb=\dimen131
\auxccc=\dimen132
\auxddd=\dimen133
\t@abstract=\box28
\t@receivedname=\box29
\temptbox=\box30
\tempdime=\dimen134
\t@bio=\box31

(C:\miketext\tex\latex\tools\theorem.sty
Package: theorem 1995/11/23 v2.2c Theorem extension package (FMi)
\theorem@style=\toks20
\theorem@bodyfont=\toks21
\theorempreskipamount=\skip49
\theorempostskipamount=\skip50
 (C:\miketext\tex\latex\tools\thp.sty
File: thp.sty 1995/11/23 v2.2c Theorem extension package (FMi)
))
\c@part=\count95
\c@section=\count96
\c@subsection=\count97
\c@subsubsection=\count98
\c@paragraph=\count99
\c@subparagraph=\count100
\mathindent=\dimen135
\mathindent=\dimen136
\c@figure=\count101
\c@table=\count102
\abovecaptionskip=\skip51
\belowcaptionskip=\skip52
\@tempboxb=\box32
\boxH=\box33
\boxHrunin=\box34
\temptbox=\box35
\temptboxA=\box36
\tempdime=\dimen137
\tempdimeA=\dimen138
\rboxh=\dimen139
\rboxw=\dimen140
) (C:\Users\anish\Desktop\latex_files\minimumsum\natbib.sty
Package: natbib 2000/07/24 7.0a (PWD)
\bibhang=\skip53
\bibsep=\skip54
LaTeX Info: Redefining \cite on input line 508.
\c@NAT@ctr=\count103
)
(C:\Users\anish\Desktop\latex_files\minimumsum\stfloats.sty
Package: stfloats 1999/10/22
\@dblbotnum=\count104
\c@dblbotnumber=\count105
)
(C:\miketext\tex\latex\jknappen\mathrsfs.sty
Package: mathrsfs 1996/01/01 Math RSFS package v1.0 (jk)
\symrsfs=\mathgroup10
)
\c@lemma=\count106
\c@algorithm=\count107
\c@definition=\count108
\c@question=\count109
\c@remark=\count110
\c@scheme=\count111
\c@case=\count112

("C:\Users\anish\Desktop\latex_files\minimumsum\sample (single col).aux"

LaTeX Warning: Label `fig:editpublish' multiply defined.


LaTeX Warning: Label `' multiply defined.


LaTeX Warning: Label `' multiply defined.


LaTeX Warning: Label `' multiply defined.


LaTeX Warning: Label `' multiply defined.


LaTeX Warning: Label `' multiply defined.


LaTeX Warning: Label `' multiply defined.


LaTeX Warning: Label `fig:editpublish' multiply defined.


LaTeX Warning: Label `fig:editpublish' multiply defined.


LaTeX Warning: Label `fig:editpublish' multiply defined.


LaTeX Warning: Label `fig:editpublish' multiply defined.


LaTeX Warning: Label `fig:editpublish' multiply defined.


LaTeX Warning: Label `fig:editpublish' multiply defined.

)
LaTeX Font Info:    Checking defaults for OML/cmm/m/it on input line 66.
LaTeX Font Info:    ... okay on input line 66.
LaTeX Font Info:    Checking defaults for T1/cmr/m/n on input line 66.
LaTeX Font Info:    ... okay on input line 66.
LaTeX Font Info:    Checking defaults for OT1/cmr/m/n on input line 66.
LaTeX Font Info:    ... okay on input line 66.
LaTeX Font Info:    Checking defaults for OMS/cmsy/m/n on input line 66.
LaTeX Font Info:    ... okay on input line 66.
LaTeX Font Info:    Checking defaults for OMX/cmex/m/n on input line 66.
LaTeX Font Info:    ... okay on input line 66.
LaTeX Font Info:    Checking defaults for U/cmr/m/n on input line 66.
LaTeX Font Info:    ... okay on input line 66.
LaTeX Font Info:    Checking defaults for LY1/ptm/m/n on input line 66.
LaTeX Font Info:    ... okay on input line 66.
LaTeX Font Info:    Try loading font information for U+msa on input line 81.
 (C:\miketext\tex\latex\amsfonts\umsa.fd
File: umsa.fd 2013/01/14 v3.01 AMS symbols A
)
LaTeX Font Info:    Try loading font information for U+msb on input line 81.

(C:\miketext\tex\latex\amsfonts\umsb.fd
File: umsb.fd 2013/01/14 v3.01 AMS symbols B
)
LaTeX Font Info:    Try loading font information for U+lasy on input line 81.
 (C:\miketext\tex\latex\base\ulasy.fd
File: ulasy.fd 1998/08/17 v2.2e LaTeX symbol font definitions
)
LaTeX Font Info:    Try loading font information for U+rsfs on input line 81.

(C:\miketext\tex\latex\jknappen\ursfs.fd
File: ursfs.fd 1998/03/24 rsfs font definition file (jk)
)
Underfull \hbox (badness 10000) in paragraph at lines 83--83

 []


Overfull \hbox (24.0pt too wide) in paragraph at lines 209--209
[][]|  
 []


Overfull \hbox (24.0pt too wide) in paragraph at lines 209--209
|[]  
 []

[1

]
Underfull \hbox (badness 10000) has occurred while \output is active
\LY1/ptm/m/n/10 2| \LY1/ptm/m/it/10 author
 []


Overfull \hbox (2.5pt too wide) has occurred while \output is active
|[][]
 []

[2]
File: mrf3.eps Graphic file (type eps)
 <mrf3.eps>
Overfull \hbox (41.91487pt too wide) has occurred while \output is active
| \LY1/ptm/m/it/10 Computing disparity map using Minimum Sum Belief Propagation
 for stereo pair images \LY1/ptm/m/n/10 3
 []


Overfull \hbox (2.5pt too wide) has occurred while \output is active
|[][]
 []

[3]
File: bp.eps Graphic file (type eps)
 <bp.eps>
Underfull \hbox (badness 10000) has occurred while \output is active
\LY1/ptm/m/n/10 4| \LY1/ptm/m/it/10 author
 []


Overfull \hbox (2.5pt too wide) has occurred while \output is active
|[][]
 []

[4]
File: figure4.eps Graphic file (type eps)
 <figure4.eps>
File: psnrm.eps Graphic file (type eps)
 <psnrm.eps>
Overfull \hbox (10.38374pt too wide) in paragraph at lines 594--595
[][][] 
 []

File: msem.eps Graphic file (type eps)
<msem.eps>
File: runtime.eps Graphic file (type eps)
 <runtime.eps>
Overfull \hbox (1.34999pt too wide) in paragraph at lines 603--604
[][][] 
 []

File: differentw.eps Graphic file (type eps)
<differentw.eps>
File: psnrw.eps Graphic file (type eps)
 <psnrw.eps>
File: msew.eps Graphic file (type eps)
 <msew.eps>
Underfull \hbox (badness 1990) in paragraph at lines 585--618
[]\LY1/ptm/m/n/10 The test stereo input images Alovera, Baby, Pot and Tsukuba a
re from vision
 []


Underfull \hbox (badness 1062) in paragraph at lines 585--618
\LY1/ptm/m/n/10 The second method is tested for various values of tunable param
eter(w) such as
 []


Overfull \hbox (41.91487pt too wide) has occurred while \output is active
| \LY1/ptm/m/it/10 Computing disparity map using Minimum Sum Belief Propagation
 for stereo pair images \LY1/ptm/m/n/10 5
 []


Overfull \hbox (2.5pt too wide) has occurred while \output is active
|[][]
 []

[5]
Underfull \hbox (badness 10000) has occurred while \output is active
\LY1/ptm/m/n/10 6| \LY1/ptm/m/it/10 author
 []


Overfull \hbox (2.5pt too wide) has occurred while \output is active
|[][]
 []

[6]
Overfull \hbox (41.91487pt too wide) has occurred while \output is active
| \LY1/ptm/m/it/10 Computing disparity map using Minimum Sum Belief Propagation
 for stereo pair images \LY1/ptm/m/n/10 7
 []


Overfull \hbox (2.5pt too wide) has occurred while \output is active
|[][]
 []

[7]
Underfull \hbox (badness 10000) has occurred while \output is active
\LY1/ptm/m/n/10 8| \LY1/ptm/m/it/10 author
 []


Overfull \hbox (2.5pt too wide) has occurred while \output is active
|[][]
 []

[8]
Overfull \hbox (41.91487pt too wide) has occurred while \output is active
| \LY1/ptm/m/it/10 Computing disparity map using Minimum Sum Belief Propagation
 for stereo pair images \LY1/ptm/m/n/10 9
 []


Overfull \hbox (2.5pt too wide) has occurred while \output is active
|[][]
 []

[9]
Underfull \hbox (badness 10000) has occurred while \output is active
\LY1/ptm/m/n/10 10| \LY1/ptm/m/it/10 author
 []


Overfull \hbox (2.5pt too wide) has occurred while \output is active
|[][]
 []

[10]
Underfull \hbox (badness 4132) in paragraph at lines 685--686
[][]\LY1/ptm/m/n/10 Patrik Kamencay, Martina Zachariasova,Martin Brezman, Roman
 Jarina, Robert
 []


Overfull \hbox (46.91487pt too wide) has occurred while \output is active
| \LY1/ptm/m/it/10 Computing disparity map using Minimum Sum Belief Propagation
 for stereo pair images \LY1/ptm/m/n/10 11
 []


Overfull \hbox (2.5pt too wide) has occurred while \output is active
|[][]
 []

[11]
Underfull \hbox (badness 10000) in paragraph at lines 736--737
[][]\LY1/ptm/m/n/10 https://github.com/daviddoria/Tutorials/blob/master/BeliefP
ropagation/-
 []


Overfull \hbox (14.87001pt too wide) in paragraph at lines 738--738
[][]\LY1/ptm/m/n/10 http://www.cedar.buffalo.edu/srihari/CSE574/Chap8/Ch8- Grap
hicalModelInference/Ch8.3.3-
 []


Underfull \hbox (badness 10000) has occurred while \output is active
\LY1/ptm/m/n/10 12| \LY1/ptm/m/it/10 author
 []


Overfull \hbox (2.5pt too wide) has occurred while \output is active
|[][]
 []

[12] AED: lastpage setting LastPage
Overfull \hbox (46.91487pt too wide) has occurred while \output is active
| \LY1/ptm/m/it/10 Computing disparity map using Minimum Sum Belief Propagation
 for stereo pair images \LY1/ptm/m/n/10 13
 []


Overfull \hbox (2.5pt too wide) has occurred while \output is active
|[][]
 []

[13] ("C:\Users\anish\Desktop\latex_files\minimumsum\sample (single col).aux")

LaTeX Warning: There were multiply-defined labels.

 ) 
Here is how much of TeX's memory you used:
 2792 strings out of 493922
 32538 string characters out of 3147305
 89485 words of memory out of 3000000
 6009 multiletter control sequences out of 15000+200000
 25440 words of font info for 69 fonts, out of 3000000 for 9000
 841 hyphenation exceptions out of 8191
 34i,14n,28p,1077b,370s stack positions out of 5000i,500n,10000p,200000b,50000s

Output written on "sample (single col).dvi" (13 pages, 44544 bytes).
