This is pdfTeX, Version 3.1415926-2.4-1.40.13 (MiKTeX 2.9 64-bit) (preloaded format=latex 2014.12.5)  14 OCT 2017 09:45
entering extended mode
**C:/Users/anish/Desktop/latex_files/MCSJ/template.tex
(C:/Users/anish/Desktop/latex_files/MCSJ/template.tex
LaTeX2e <2011/06/27>
Babel <v3.8m> and hyphenation patterns for english, afrikaans, ancientgreek, ar
abic, armenian, assamese, basque, bengali, bokmal, bulgarian, catalan, coptic, 
croatian, czech, danish, dutch, esperanto, estonian, farsi, finnish, french, ga
lician, german, german-x-2012-05-30, greek, gujarati, hindi, hungarian, iceland
ic, indonesian, interlingua, irish, italian, kannada, kurmanji, latin, latvian,
 lithuanian, malayalam, marathi, mongolian, mongolianlmc, monogreek, ngerman, n
german-x-2012-05-30, nynorsk, oriya, panjabi, pinyin, polish, portuguese, roman
ian, russian, sanskrit, serbian, slovak, slovenian, spanish, swedish, swissgerm
an, tamil, telugu, turkish, turkmen, ukenglish, ukrainian, uppersorbian, usengl
ishmax, welsh, loaded.
(C:\Users\anish\Desktop\latex_files\MCSJ\mjcs.cls

LaTeX Warning: You have requested document class `mjcs',
               but the document class provides `article'.

Document Class: article 2014/09/29 v1.4h Standard LaTeX document class
(C:\miketext\tex\latex\base\size10.clo
File: size10.clo 2007/10/19 v1.4h Standard LaTeX file (size option)
)
\c@part=\count79
\c@section=\count80
\c@subsection=\count81
\c@subsubsection=\count82
\c@paragraph=\count83
\c@subparagraph=\count84
\c@figure=\count85
\c@table=\count86
\abovecaptionskip=\skip41
\belowcaptionskip=\skip42
\bibindent=\dimen102
)
(C:\miketext\tex\latex\psnfss\times.sty
Package: times 2005/04/12 PSNFSS-v9.2a (SPQR) 
)
(C:\miketext\tex\latex\graphics\graphicx.sty
Package: graphicx 1999/02/16 v1.0f Enhanced LaTeX Graphics (DPC,SPQR)

(C:\miketext\tex\latex\graphics\keyval.sty
Package: keyval 1999/03/16 v1.13 key=value parser (DPC)
\KV@toks@=\toks14
)
(C:\miketext\tex\latex\graphics\graphics.sty
Package: graphics 2009/02/05 v1.0o Standard LaTeX Graphics (DPC,SPQR)

(C:\miketext\tex\latex\graphics\trig.sty
Package: trig 1999/03/16 v1.09 sin cos tan (DPC)
)
(C:\miketext\tex\latex\00miktex\graphics.cfg
File: graphics.cfg 2007/01/18 v1.5 graphics configuration of teTeX/TeXLive
)
Package graphics Info: Driver file: dvips.def on input line 91.

(C:\miketext\tex\latex\graphics\dvips.def
File: dvips.def 1999/02/16 v3.0i Driver-dependant file (DPC,SPQR)
))
\Gin@req@height=\dimen103
\Gin@req@width=\dimen104
)
(C:\miketext\tex\latex\multirow\multirow.sty
\bigstrutjot=\dimen105
)
(C:\miketext\tex\latex\caption\caption.sty
Package: caption 2016/02/21 v3.3-144 Customizing captions (AR)

(C:\miketext\tex\latex\caption\caption3.sty
Package: caption3 2016/05/22 v1.7-166 caption3 kernel (AR)
Package caption3 Info: TeX engine: e-TeX on input line 67.
\captionmargin=\dimen106
\captionmargin@=\dimen107
\captionwidth=\dimen108
\caption@tempdima=\dimen109
\caption@indent=\dimen110
\caption@parindent=\dimen111
\caption@hangindent=\dimen112
)
Package caption Info: We need package `newfloat' on input line 292.

(C:\miketext\tex\latex\caption\newfloat.sty
Package: newfloat 2015/09/17 v1.1-109 Defining new floating environments (AR)
)
\c@ContinuedFloat=\count87
)
(C:\miketext\tex\latex\fancyhdr\fancyhdr.sty
\fancy@headwidth=\skip43
\f@ncyO@elh=\skip44
\f@ncyO@erh=\skip45
\f@ncyO@olh=\skip46
\f@ncyO@orh=\skip47
\f@ncyO@elf=\skip48
\f@ncyO@erf=\skip49
\f@ncyO@olf=\skip50
\f@ncyO@orf=\skip51
)
(C:\Users\anish\Desktop\latex_files\MCSJ\template.aux

LaTeX Warning: Label `mjcs' multiply defined.


LaTeX Warning: Label `parameter_values' multiply defined.


LaTeX Warning: Label `parameter_values' multiply defined.


LaTeX Warning: Label `parameter_values' multiply defined.


LaTeX Warning: Label `mjcs' multiply defined.


LaTeX Warning: Label `mjcs' multiply defined.

)
LaTeX Font Info:    Checking defaults for OML/cmm/m/it on input line 88.
LaTeX Font Info:    ... okay on input line 88.
LaTeX Font Info:    Checking defaults for T1/cmr/m/n on input line 88.
LaTeX Font Info:    ... okay on input line 88.
LaTeX Font Info:    Checking defaults for OT1/cmr/m/n on input line 88.
LaTeX Font Info:    ... okay on input line 88.
LaTeX Font Info:    Checking defaults for OMS/cmsy/m/n on input line 88.
LaTeX Font Info:    ... okay on input line 88.
LaTeX Font Info:    Checking defaults for OMX/cmex/m/n on input line 88.
LaTeX Font Info:    ... okay on input line 88.
LaTeX Font Info:    Checking defaults for U/cmr/m/n on input line 88.
LaTeX Font Info:    ... okay on input line 88.
LaTeX Font Info:    Try loading font information for OT1+ptm on input line 88.
 (C:\miketext\tex\latex\psnfss\ot1ptm.fd
File: ot1ptm.fd 2001/06/04 font definitions for OT1/ptm.
)
Package caption Info: Begin \AtBeginDocument code.
Package caption Info: End \AtBeginDocument code.
LaTeX Font Info:    External font `cmex10' loaded for size
(Font)              <12> on input line 96.
LaTeX Font Info:    External font `cmex10' loaded for size
(Font)              <8> on input line 96.
LaTeX Font Info:    External font `cmex10' loaded for size
(Font)              <6> on input line 96.
LaTeX Font Info:    External font `cmex10' loaded for size
(Font)              <7> on input line 96.
LaTeX Font Info:    External font `cmex10' loaded for size
(Font)              <5> on input line 96.
LaTeX Font Info:    Font shape `OT1/ptm/bx/n' in size <10> not available
(Font)              Font shape `OT1/ptm/b/n' tried instead on input line 96.
LaTeX Font Info:    Font shape `OT1/ptm/bx/it' in size <10> not available
(Font)              Font shape `OT1/ptm/b/it' tried instead on input line 148.
LaTeX Font Info:    Font shape `OT1/ptm/bx/n' in size <12> not available
(Font)              Font shape `OT1/ptm/b/n' tried instead on input line 155.
 [1

]
File: compa.eps Graphic file (type eps)
 <compa.eps>
File: doc3.eps Graphic file (type eps)
 <doc3.eps> [2]
LaTeX Font Info:    Try loading font information for OMS+ptm on input line 208.


(C:\miketext\tex\latex\psnfss\omsptm.fd
File: omsptm.fd 
)
LaTeX Font Info:    Font shape `OMS/ptm/m/n' in size <10> not available
(Font)              Font shape `OMS/cmsy/m/n' tried instead on input line 208.
 [3]
Overfull \hbox (9.08151pt too wide) in paragraph at lines 221--223
[]\OT1/ptm/m/n/10 The stereo im-ages for test-ing are from data sets 2014 of Mi
d-dle-bury com-puter vi-sion web-site (vi-sion.middlebury.edu). 
 []

File: DM_MA_MI.eps Graphic file (type eps)
<DM_MA_MI.eps>
Overfull \hbox (5.47717pt too wide) in paragraph at lines 348--349
 [][][] 
 []

[4] [5]
Underfull \hbox (badness 2088) in paragraph at lines 368--369
[][]\OT1/ptm/m/n/10 Patrik Ka-men-cay,Martina Zachari-asova,Martin Brez-man,Rom
an Ja-rina,Robert Hudec,Miroslav Benco
 []

Missing character: There is no … in font ptmr7t!
[6]
Underfull \hbox (badness 3460) in paragraph at lines 389--390
[][]\OT1/ptm/m/n/10 Somon Her-mann,Reinhard Klette" The Naked Truth about cost 
func-tions for stereo match-ing",
 []


Underfull \hbox (badness 10000) in paragraph at lines 390--392
[][]\OT1/ptm/m/n/10 LiCheng,TerryCaellu ,"Bayesian Stereo match-ing" ,Com-puter
 vi-sion and Im-age un-der-stand-ing,
 []

File: bio.eps Graphic file (type eps)
<bio.eps>
Overfull \hbox (68.71341pt too wide) in paragraph at lines 405--407
 [][][] 
 []

[7] (C:\Users\anish\Desktop\latex_files\MCSJ\template.aux)

LaTeX Warning: There were multiply-defined labels.

 ) 
Here is how much of TeX's memory you used:
 1978 strings out of 493922
 30658 string characters out of 3147305
 97230 words of memory out of 3000000
 5294 multiletter control sequences out of 15000+200000
 10016 words of font info for 30 fonts, out of 3000000 for 9000
 841 hyphenation exceptions out of 8191
 36i,10n,43p,1097b,310s stack positions out of 5000i,500n,10000p,200000b,50000s

Output written on template.dvi (7 pages, 28348 bytes).
